#
# A fatal error has been detected by the Java Runtime Environment:
#
#  SIGSEGV (0xb) at pc=0x000000011f3f34d6, pid=4771, tid=49159
#
# JRE version: Java(TM) SE Runtime Environment (8.0_31-b13) (build 1.8.0_31-b13)
# Java VM: Java HotSpot(TM) 64-Bit Server VM (25.31-b07 mixed mode bsd-amd64 compressed oops)
# Problematic frame:
# C  [libawt_lwawt.dylib+0x1b4d6]  OGLSD_SetScratchSurface+0x3d
#
# Failed to write core dump. Core dumps have been disabled. To enable core dumping, try "ulimit -c unlimited" before starting Java again
#
# If you would like to submit a bug report, please visit:
#   http://bugreport.java.com/bugreport/crash.jsp
# The crash happened outside the Java Virtual Machine in native code.
# See problematic frame for where to report the bug.
#

---------------  T H R E A D  ---------------

Current thread (0x00007fd5eaaef800):  JavaThread "Java2D Queue Flusher" daemon [_thread_in_native, id=49159, stack(0x00000001236a0000,0x00000001237a0000)]

siginfo: si_signo: 11 (SIGSEGV), si_code: 1 (SEGV_MAPERR), si_addr: 0x0000128000007fff

Registers:
RAX=0x00007fd5ebb1d038, RBX=0x00007fd5eaaef9e8, RCX=0x00007fd5ebb1d040, RDX=0x000000011f413ad0
RSP=0x000000012379f7d0, RBP=0x000000012379f7f0, RSI=0x00007fd5ea6b1c50, RDI=0x00007fd5ebb1d038
R8 =0x0000000740261180, R9 =0x0000000000000007, R10=0x00000001073f1ab8, R11=0x00000000e804c218
R12=0x0000000000000000, R13=0x0000000740261180, R14=0x00007fd5ea6d0004, R15=0x0000128000007fff
RIP=0x000000011f3f34d6, EFLAGS=0x0000000000010206, ERR=0x0000000000000004
  TRAPNO=0x000000000000000e

Top of Stack: (sp=0x000000012379f7d0)
0x000000012379f7d0:   00007fd5ea6b1c50 0000000000000000
0x000000012379f7e0:   00007fd5eba82c10 00007fd5eaaef800
0x000000012379f7f0:   000000012379f870 000000011f4135ae
0x000000012379f800:   0000000000000064 00007fd5ea4caea8
0x000000012379f810:   000000012379f870 000000010612be83
0x000000012379f820:   0000000000000005 00007fd5eaaef800
0x000000012379f830:   0000000740261101 00007fd5eba82c20
0x000000012379f840:   000000010079f800 00007fd5eaaef9e8
0x000000012379f850:   0000000000000000 0000000000000000
0x000000012379f860:   0000000000000016 00007fd5eaaef800
0x000000012379f870:   000000012379f8c0 00000001073f1b2a
0x000000012379f880:   00000007402610a8 000000012379f8b0
0x000000012379f890:   000000011b5556d0 00007fd5ea7f00e0
0x000000012379f8a0:   0000000000000000 00000001077e3518
0x000000012379f8b0:   000000012379f960 0000000000000202
0x000000012379f8c0:   00000000e804c215 0000000108008760
0x000000012379f8d0:   0000000000000016 00000007402610a8
0x000000012379f8e0:   0000000740261180 0000000000000007
0x000000012379f8f0:   0000000740261180 00000001e804c230
0x000000012379f900:   0000000740261180 000000079a1c7190
0x000000012379f910:   000000011b54ff00 000000012b442ae0
0x000000012379f920:   000000011b507b60 0000000000000000
0x000000012379f930:   0000000000000001 000000012379f9d0
0x000000012379f940:   0000000106d1f4e7 0000000000000000
0x000000012379f950:   000000012379f9d0 0000000106d1f4e7
0x000000012379f960:   0000000740261180 0000000740261510
0x000000012379f970:   0000000100001fa0 000000000000000a
0x000000012379f980:   00007fd5eaaef800 0000000000000001
0x000000012379f990:   0000000106d1f45f 000000011b507b60
0x000000012379f9a0:   000000012379fa68 000000012379fd00
0x000000012379f9b0:   000000010000000a 000000011b507b60
0x000000012379f9c0:   0000000106d2fde0 000000012379fc70 

Instructions: (pc=0x000000011f3f34d6)
0x000000011f3f34b6:   c0 be 01 00 00 00 e8 1b 9b 02 00 31 c0 eb 6d 48
0x000000011f3f34c6:   89 fb 4c 8b 76 10 4d 8b 3e 30 c0 e8 f8 9f 02 00
0x000000011f3f34d6:   49 8b 3f 49 89 c4 48 8b 35 3d f0 05 00 30 c0 e8
0x000000011f3f34e6:   3a a1 02 00 48 85 c0 75 4c 30 c0 e8 aa 07 02 00 

Register to memory mapping:

RAX=0x00007fd5ebb1d038 is an unknown value
RBX=0x00007fd5eaaef9e8 is an unknown value
RCX=0x00007fd5ebb1d040 is an unknown value
RDX=0x000000011f413ad0: Java_sun_java2d_opengl_OGLRenderQueue_flushBuffer+0xb5c in /Library/Internet Plug-Ins/JavaAppletPlugin.plugin/Contents/Home/lib/libawt_lwawt.dylib at 0x000000011f3d8000
RSP=0x000000012379f7d0 is pointing into the stack for thread: 0x00007fd5eaaef800
RBP=0x000000012379f7f0 is pointing into the stack for thread: 0x00007fd5eaaef800
RSI=0x00007fd5ea6b1c50 is an unknown value
RDI=0x00007fd5ebb1d038 is an unknown value
R8 =0x0000000740261180 is an oop
sun.java2d.opengl.OGLRenderQueue$QueueFlusher 
 - klass: 'sun/java2d/opengl/OGLRenderQueue$QueueFlusher'
R9 =0x0000000000000007 is an unknown value
R10=0x00000001073f1ab8 is at entry_point+56 in (nmethod*)0x00000001073f1910
R11=0x00000000e804c218 is an unknown value
R12=0x0000000000000000 is an unknown value
R13=0x0000000740261180 is an oop
sun.java2d.opengl.OGLRenderQueue$QueueFlusher 
 - klass: 'sun/java2d/opengl/OGLRenderQueue$QueueFlusher'
R14=0x00007fd5ea6d0004 is an unknown value
R15=0x0000128000007fff is an unknown value


Stack: [0x00000001236a0000,0x00000001237a0000],  sp=0x000000012379f7d0,  free space=1021k
Native frames: (J=compiled Java code, j=interpreted, Vv=VM code, C=native code)
C  [libawt_lwawt.dylib+0x1b4d6]  OGLSD_SetScratchSurface+0x3d
C  [libawt_lwawt.dylib+0x3b5ae]  Java_sun_java2d_opengl_OGLRenderQueue_flushBuffer+0x63a
J 2206  sun.java2d.opengl.OGLRenderQueue.flushBuffer(JI)V (0 bytes) @ 0x00000001073f1b2a [0x00000001073f1a80+0xaa]
J 6662% C2 sun.java2d.opengl.OGLRenderQueue$QueueFlusher.run()V (234 bytes) @ 0x0000000108008760 [0x0000000108008520+0x240]

Java frames: (J=compiled Java code, j=interpreted, Vv=VM code)
J 2206  sun.java2d.opengl.OGLRenderQueue.flushBuffer(JI)V (0 bytes) @ 0x00000001073f1ab8 [0x00000001073f1a80+0x38]
J 6662% C2 sun.java2d.opengl.OGLRenderQueue$QueueFlusher.run()V (234 bytes) @ 0x0000000108008760 [0x0000000108008520+0x240]
v  ~StubRoutines::call_stub

---------------  P R O C E S S  ---------------

Java Threads: ( => current thread )
  0x00007fd5ebbdd800 JavaThread "TimerQueue" daemon [_thread_blocked, id=64303, stack(0x0000000129563000,0x0000000129663000)]
  0x00007fd5ec0e1000 JavaThread "DestroyJavaVM" [_thread_blocked, id=4867, stack(0x0000000105493000,0x0000000105593000)]
  0x00007fd5ebb99000 JavaThread "AWT-EventQueue-0" [_thread_blocked, id=59911, stack(0x0000000125a22000,0x0000000125b22000)]
  0x00007fd5ebaf0800 JavaThread "Java2D Disposer" daemon [_thread_blocked, id=50215, stack(0x0000000123fa3000,0x00000001240a3000)]
=>0x00007fd5eaaef800 JavaThread "Java2D Queue Flusher" daemon [_thread_in_native, id=49159, stack(0x00000001236a0000,0x00000001237a0000)]
  0x00007fd5eaa0f000 JavaThread "AWT-Shutdown" [_thread_blocked, id=29703, stack(0x00000001208eb000,0x00000001209eb000)]
  0x00007fd5eb0d8800 JavaThread "AppKit Thread" daemon [_thread_in_native, id=1299, stack(0x00007fff5a0b5000,0x00007fff5a8b5000)]
  0x00007fd5ea97d000 JavaThread "Timer-0" daemon [_thread_blocked, id=19203, stack(0x000000011f0c5000,0x000000011f1c5000)]
  0x00007fd5ea831000 JavaThread "Service Thread" daemon [_thread_blocked, id=18179, stack(0x000000011e9ab000,0x000000011eaab000)]
  0x00007fd5eb850000 JavaThread "C1 CompilerThread2" daemon [_thread_blocked, id=17667, stack(0x000000011e8a8000,0x000000011e9a8000)]
  0x00007fd5eb84f800 JavaThread "C2 CompilerThread1" daemon [_thread_blocked, id=17155, stack(0x000000011e7a5000,0x000000011e8a5000)]
  0x00007fd5eb830800 JavaThread "C2 CompilerThread0" daemon [_thread_blocked, id=16643, stack(0x000000011e6a2000,0x000000011e7a2000)]
  0x00007fd5eb82a800 JavaThread "Signal Dispatcher" daemon [_thread_blocked, id=12567, stack(0x000000011e59f000,0x000000011e69f000)]
  0x00007fd5eb822000 JavaThread "Finalizer" daemon [_thread_blocked, id=11523, stack(0x000000011cc6a000,0x000000011cd6a000)]
  0x00007fd5eb821800 JavaThread "Reference Handler" daemon [_thread_blocked, id=11011, stack(0x000000011cb67000,0x000000011cc67000)]

Other Threads:
  0x00007fd5ea84f800 VMThread [stack: 0x000000011ca64000,0x000000011cb64000] [id=10499]
  0x00007fd5ec001000 WatcherThread [stack: 0x000000011eaae000,0x000000011ebae000] [id=18691]

VM state:not at safepoint (normal execution)

VM Mutex/Monitor currently owned by a thread: None

Heap:
 PSYoungGen      total 104960K, used 30432K [0x0000000795580000, 0x000000079d880000, 0x00000007c0000000)
  eden space 78848K, 11% used [0x0000000795580000,0x0000000795e038f8,0x000000079a280000)
  from space 26112K, 83% used [0x000000079bf00000,0x000000079d434750,0x000000079d880000)
  to   space 27648K, 0% used [0x000000079a280000,0x000000079a280000,0x000000079bd80000)
 ParOldGen       total 62976K, used 21876K [0x0000000740000000, 0x0000000743d80000, 0x0000000795580000)
  object space 62976K, 34% used [0x0000000740000000,0x000000074155d398,0x0000000743d80000)
 Metaspace       used 23394K, capacity 23724K, committed 23984K, reserved 1071104K
  class space    used 3142K, capacity 3231K, committed 3248K, reserved 1048576K

Card table byte_map: [0x00000001160df000,0x00000001164e0000] byte_map_base: 0x00000001126df000

Marking Bits: (ParMarkBitMap*) 0x000000010669e410
 Begin Bits: [0x0000000116b97000, 0x0000000118b97000)
 End Bits:   [0x0000000118b97000, 0x000000011ab97000)

Polling page: 0x00000001055d7000

CodeCache: size=245760Kb used=19248Kb max_used=19248Kb free=226511Kb
 bounds [0x0000000106d1f000, 0x000000010801f000, 0x0000000115d1f000]
 total_blobs=5918 nmethods=5316 adapters=512
 compilation: enabled

Compilation events (10 events):
Event: 96036.597 Thread 0x00007fd5eb84f800 6664       4       sun.java2d.pipe.BufferedContext::validate (518 bytes)
Event: 96036.597 Thread 0x00007fd5eb830800 6663   !   4       sun.java2d.SunGraphics2D::fillRect (74 bytes)
Event: 96036.687 Thread 0x00007fd5eb84f800 nmethod 6664 0x0000000108005a90 code [0x0000000108005d40, 0x0000000108006d70]
Event: 96036.729 Thread 0x00007fd5eb830800 nmethod 6663 0x000000010800b6d0 code [0x000000010800bb40, 0x000000010800dae0]
Event: 96037.188 Thread 0x00007fd5eb850000 6665       3       sun.java2d.SurfaceData::getStateTracker (8 bytes)
Event: 96037.188 Thread 0x00007fd5eb850000 nmethod 6665 0x0000000107907410 code [0x0000000107907580, 0x00000001079077a8]
Event: 96037.239 Thread 0x00007fd5eb850000 6666       3       sun.java2d.pipe.DrawImage::copyImage (91 bytes)
Event: 96037.241 Thread 0x00007fd5eb850000 nmethod 6666 0x00000001074ee350 code [0x00000001074ee520, 0x00000001074eee28]
Event: 96037.287 Thread 0x00007fd5eb850000 6667   !   3       sun.java2d.SurfaceDataProxy::replaceData (329 bytes)
Event: 96037.289 Thread 0x00007fd5eb850000 nmethod 6667 0x0000000108011e50 code [0x0000000108012120, 0x0000000108013f58]

GC Heap History (10 events):
Event: 4366.545 GC heap before
{Heap before GC invocations=73 (full 17):
 PSYoungGen      total 115200K, used 115016K [0x0000000795580000, 0x000000079e880000, 0x00000007c0000000)
  eden space 93184K, 100% used [0x0000000795580000,0x000000079b080000,0x000000079b080000)
  from space 22016K, 99% used [0x000000079b380000,0x000000079c8d2160,0x000000079c900000)
  to   space 28672K, 0% used [0x000000079cc80000,0x000000079cc80000,0x000000079e880000)
 ParOldGen       total 62976K, used 16726K [0x0000000740000000, 0x0000000743d80000, 0x0000000795580000)
  object space 62976K, 26% used [0x0000000740000000,0x0000000741055bd8,0x0000000743d80000)
 Metaspace       used 23379K, capacity 23660K, committed 23984K, reserved 1071104K
  class space    used 3141K, capacity 3231K, committed 3248K, reserved 1048576K
Event: 4366.550 GC heap after
Heap after GC invocations=73 (full 17):
 PSYoungGen      total 114688K, used 17925K [0x0000000795580000, 0x000000079e480000, 0x00000007c0000000)
  eden space 90112K, 0% used [0x0000000795580000,0x0000000795580000,0x000000079ad80000)
  from space 24576K, 72% used [0x000000079cc80000,0x000000079de01750,0x000000079e480000)
  to   space 28160K, 0% used [0x000000079ad80000,0x000000079ad80000,0x000000079c900000)
 ParOldGen       total 62976K, used 16726K [0x0000000740000000, 0x0000000743d80000, 0x0000000795580000)
  object space 62976K, 26% used [0x0000000740000000,0x0000000741055bd8,0x0000000743d80000)
 Metaspace       used 23379K, capacity 23660K, committed 23984K, reserved 1071104K
  class space    used 3141K, capacity 3231K, committed 3248K, reserved 1048576K
}
Event: 4576.468 GC heap before
{Heap before GC invocations=74 (full 17):
 PSYoungGen      total 114688K, used 104042K [0x0000000795580000, 0x000000079e480000, 0x00000007c0000000)
  eden space 90112K, 95% used [0x0000000795580000,0x000000079a9992b8,0x000000079ad80000)
  from space 24576K, 72% used [0x000000079cc80000,0x000000079de01750,0x000000079e480000)
  to   space 28160K, 0% used [0x000000079ad80000,0x000000079ad80000,0x000000079c900000)
 ParOldGen       total 62976K, used 16726K [0x0000000740000000, 0x0000000743d80000, 0x0000000795580000)
  object space 62976K, 26% used [0x0000000740000000,0x0000000741055bd8,0x0000000743d80000)
 Metaspace       used 23380K, capacity 23660K, committed 23984K, reserved 1071104K
  class space    used 3141K, capacity 3231K, committed 3248K, reserved 1048576K
Event: 4576.472 GC heap after
Heap after GC invocations=74 (full 17):
 PSYoungGen      total 102912K, used 15385K [0x0000000795580000, 0x000000079df80000, 0x00000007c0000000)
  eden space 87040K, 0% used [0x0000000795580000,0x0000000795580000,0x000000079aa80000)
  from space 15872K, 96% used [0x000000079ad80000,0x000000079bc865b0,0x000000079bd00000)
  to   space 27136K, 0% used [0x000000079c500000,0x000000079c500000,0x000000079df80000)
 ParOldGen       total 62976K, used 16726K [0x0000000740000000, 0x0000000743d80000, 0x0000000795580000)
  object space 62976K, 26% used [0x0000000740000000,0x0000000741055bd8,0x0000000743d80000)
 Metaspace       used 23380K, capacity 23660K, committed 23984K, reserved 1071104K
  class space    used 3141K, capacity 3231K, committed 3248K, reserved 1048576K
}
Event: 11226.055 GC heap before
{Heap before GC invocations=75 (full 17):
 PSYoungGen      total 102912K, used 101458K [0x0000000795580000, 0x000000079df80000, 0x00000007c0000000)
  eden space 87040K, 98% used [0x0000000795580000,0x000000079a98e5d0,0x000000079aa80000)
  from space 15872K, 96% used [0x000000079ad80000,0x000000079bc865b0,0x000000079bd00000)
  to   space 27136K, 0% used [0x000000079c500000,0x000000079c500000,0x000000079df80000)
 ParOldGen       total 62976K, used 16726K [0x0000000740000000, 0x0000000743d80000, 0x0000000795580000)
  object space 62976K, 26% used [0x0000000740000000,0x0000000741055bd8,0x0000000743d80000)
 Metaspace       used 23386K, capacity 23660K, committed 23984K, reserved 1071104K
  class space    used 3141K, capacity 3231K, committed 3248K, reserved 1048576K
Event: 11226.057 GC heap after
Heap after GC invocations=75 (full 17):
 PSYoungGen      total 109056K, used 6742K [0x0000000795580000, 0x000000079dd80000, 0x00000007c0000000)
  eden space 83968K, 0% used [0x0000000795580000,0x0000000795580000,0x000000079a780000)
  from space 25088K, 26% used [0x000000079c500000,0x000000079cb95b38,0x000000079dd80000)
  to   space 27648K, 0% used [0x000000079a780000,0x000000079a780000,0x000000079c280000)
 ParOldGen       total 62976K, used 16726K [0x0000000740000000, 0x0000000743d80000, 0x0000000795580000)
  object space 62976K, 26% used [0x0000000740000000,0x0000000741055bd8,0x0000000743d80000)
 Metaspace       used 23386K, capacity 23660K, committed 23984K, reserved 1071104K
  class space    used 3141K, capacity 3231K, committed 3248K, reserved 1048576K
}
Event: 48991.659 GC heap before
{Heap before GC invocations=76 (full 17):
 PSYoungGen      total 109056K, used 90710K [0x0000000795580000, 0x000000079dd80000, 0x00000007c0000000)
  eden space 83968K, 100% used [0x0000000795580000,0x000000079a780000,0x000000079a780000)
  from space 25088K, 26% used [0x000000079c500000,0x000000079cb95b38,0x000000079dd80000)
  to   space 27648K, 0% used [0x000000079a780000,0x000000079a780000,0x000000079c280000)
 ParOldGen       total 62976K, used 16726K [0x0000000740000000, 0x0000000743d80000, 0x0000000795580000)
  object space 62976K, 26% used [0x0000000740000000,0x0000000741055bd8,0x0000000743d80000)
 Metaspace       used 23390K, capacity 23660K, committed 23984K, reserved 1071104K
  class space    used 3141K, capacity 3231K, committed 3248K, reserved 1048576K
Event: 48991.688 GC heap after
Heap after GC invocations=76 (full 17):
 PSYoungGen      total 96256K, used 14649K [0x0000000795580000, 0x000000079d900000, 0x00000007c0000000)
  eden space 81408K, 0% used [0x0000000795580000,0x0000000795580000,0x000000079a500000)
  from space 14848K, 98% used [0x000000079a780000,0x000000079b5ce750,0x000000079b600000)
  to   space 26624K, 0% used [0x000000079bf00000,0x000000079bf00000,0x000000079d900000)
 ParOldGen       total 62976K, used 16726K [0x0000000740000000, 0x0000000743d80000, 0x0000000795580000)
  object space 62976K, 26% used [0x0000000740000000,0x0000000741055bd8,0x0000000743d80000)
 Metaspace       used 23390K, capacity 23660K, committed 23984K, reserved 1071104K
  class space    used 3141K, capacity 3231K, committed 3248K, reserved 1048576K
}
Event: 96037.393 GC heap before
{Heap before GC invocations=77 (full 17):
 PSYoungGen      total 96256K, used 95067K [0x0000000795580000, 0x000000079d900000, 0x00000007c0000000)
  eden space 81408K, 98% used [0x0000000795580000,0x000000079a4087a8,0x000000079a500000)
  from space 14848K, 98% used [0x000000079a780000,0x000000079b5ce750,0x000000079b600000)
  to   space 26624K, 0% used [0x000000079bf00000,0x000000079bf00000,0x000000079d900000)
 ParOldGen       total 62976K, used 16726K [0x0000000740000000, 0x0000000743d80000, 0x0000000795580000)
  object space 62976K, 26% used [0x0000000740000000,0x0000000741055bd8,0x0000000743d80000)
 Metaspace       used 23394K, capacity 23724K, committed 23984K, reserved 1071104K
  class space    used 3142K, capacity 3231K, committed 3248K, reserved 1048576K
Event: 96037.484 GC heap after
Heap after GC invocations=77 (full 17):
 PSYoungGen      total 104960K, used 21713K [0x0000000795580000, 0x000000079d880000, 0x00000007c0000000)
  eden space 78848K, 0% used [0x0000000795580000,0x0000000795580000,0x000000079a280000)
  from space 26112K, 83% used [0x000000079bf00000,0x000000079d434750,0x000000079d880000)
  to   space 27648K, 0% used [0x000000079a280000,0x000000079a280000,0x000000079bd80000)
 ParOldGen       total 62976K, used 21876K [0x0000000740000000, 0x0000000743d80000, 0x0000000795580000)
  object space 62976K, 34% used [0x0000000740000000,0x000000074155d398,0x0000000743d80000)
 Metaspace       used 23394K, capacity 23724K, committed 23984K, reserved 1071104K
  class space    used 3142K, capacity 3231K, committed 3248K, reserved 1048576K
}

Deoptimization events (10 events):
Event: 84493.237 Thread 0x00007fd5eaaef800 Uncommon trap: reason=class_check action=maybe_recompile pc=0x0000000107ff2bcc method=sun.java2d.opengl.OGLRenderQueue$QueueFlusher.run()V @ 95
Event: 84493.279 Thread 0x00007fd5eb0d8800 Uncommon trap: reason=bimorphic action=maybe_recompile pc=0x00000001076fb004 method=sun.java2d.pipe.ValidatePipe.fillRect(Lsun/java2d/SunGraphics2D;IIII)V @ 19
Event: 84493.332 Thread 0x00007fd5eb0d8800 Uncommon trap: reason=bimorphic action=maybe_recompile pc=0x00000001076fb004 method=sun.java2d.pipe.ValidatePipe.fillRect(Lsun/java2d/SunGraphics2D;IIII)V @ 19
Event: 84493.356 Thread 0x00007fd5eb0d8800 Uncommon trap: reason=bimorphic action=maybe_recompile pc=0x00000001076fb004 method=sun.java2d.pipe.ValidatePipe.fillRect(Lsun/java2d/SunGraphics2D;IIII)V @ 19
Event: 84493.402 Thread 0x00007fd5eb0d8800 Uncommon trap: reason=bimorphic action=maybe_recompile pc=0x00000001076fb004 method=sun.java2d.pipe.ValidatePipe.fillRect(Lsun/java2d/SunGraphics2D;IIII)V @ 19
Event: 84507.202 Thread 0x00007fd5eb0d8800 Uncommon trap: reason=bimorphic action=maybe_recompile pc=0x00000001078cf4c0 method=java.util.HashMap.removeNode(ILjava/lang/Object;Ljava/lang/Object;ZZ)Ljava/util/HashMap$Node; @ 68
Event: 93370.606 Thread 0x00007fd5eb0d8800 Uncommon trap: reason=bimorphic action=maybe_recompile pc=0x00000001078cf4c0 method=java.util.HashMap.removeNode(ILjava/lang/Object;Ljava/lang/Object;ZZ)Ljava/util/HashMap$Node; @ 68
Event: 93370.801 Thread 0x00007fd5eaaef800 Uncommon trap: reason=class_check action=maybe_recompile pc=0x0000000107ff2bcc method=sun.java2d.opengl.OGLRenderQueue$QueueFlusher.run()V @ 95
Event: 96036.563 Thread 0x00007fd5ebb99000 Uncommon trap: reason=bimorphic action=maybe_recompile pc=0x0000000107410fe4 method=javax.swing.RepaintManager$4.run()Ljava/lang/Void; @ 91
Event: 96036.743 Thread 0x00007fd5ebb99000 Uncommon trap: reason=unreached action=reinterpret pc=0x00000001077078b0 method=sun.java2d.StateTrackableDelegate.getStateTracker()Lsun/java2d/StateTracker; @ 6

Internal exceptions (10 events):
Event: 3235.372 Thread 0x00007fd5eace9800 Exception <a 'java/io/FileNotFoundException'> (0x0000000796f43828) thrown at [/Users/java_re/workspace/8-2-build-macosx-x86_64/jdk8u31/2394/hotspot/src/share/vm/prims/jni.cpp, line 716]
Event: 3320.965 Thread 0x00007fd5ef216000 Exception <a 'java/io/FileNotFoundException'> (0x0000000796a68670) thrown at [/Users/java_re/workspace/8-2-build-macosx-x86_64/jdk8u31/2394/hotspot/src/share/vm/prims/jni.cpp, line 716]
Event: 3362.375 Thread 0x00007fd5ea896000 Exception <a 'java/io/FileNotFoundException'> (0x0000000796ed6a00) thrown at [/Users/java_re/workspace/8-2-build-macosx-x86_64/jdk8u31/2394/hotspot/src/share/vm/prims/jni.cpp, line 716]
Event: 3393.129 Thread 0x00007fd5ec670800 Exception <a 'java/io/FileNotFoundException'> (0x0000000796e77be0) thrown at [/Users/java_re/workspace/8-2-build-macosx-x86_64/jdk8u31/2394/hotspot/src/share/vm/prims/jni.cpp, line 716]
Event: 3564.392 Thread 0x00007fd5ea97e800 Exception <a 'java/io/FileNotFoundException'> (0x0000000796ec65d0) thrown at [/Users/java_re/workspace/8-2-build-macosx-x86_64/jdk8u31/2394/hotspot/src/share/vm/prims/jni.cpp, line 716]
Event: 3828.562 Thread 0x00007fd5ebcfb000 Exception <a 'java/io/FileNotFoundException'> (0x0000000796e398c0) thrown at [/Users/java_re/workspace/8-2-build-macosx-x86_64/jdk8u31/2394/hotspot/src/share/vm/prims/jni.cpp, line 716]
Event: 3871.263 Thread 0x00007fd5ef18b000 Exception <a 'java/io/FileNotFoundException'> (0x0000000796e3af50) thrown at [/Users/java_re/workspace/8-2-build-macosx-x86_64/jdk8u31/2394/hotspot/src/share/vm/prims/jni.cpp, line 716]
Event: 4575.612 Thread 0x00007fd5eb0d8800 Implicit null exception at 0x0000000107eccbae to 0x0000000107ece43d
Event: 70069.102 Thread 0x00007fd5eb0d8800 Implicit null exception at 0x000000010768e083 to 0x000000010768eac9
Event: 70223.982 Thread 0x00007fd5eb0d8800 Implicit null exception at 0x000000010744e00c to 0x000000010744e0a1

Events (10 events):
Event: 96036.563 Thread 0x00007fd5ebb99000 Uncommon trap: trap_request=0xffffffc6 fr.pc=0x0000000107410fe4
Event: 96036.566 Thread 0x00007fd5ebb99000 DEOPT PACKING pc=0x0000000107410fe4 sp=0x0000000125b1ff70
Event: 96036.569 Thread 0x00007fd5ebb99000 DEOPT UNPACKING pc=0x0000000106d23f69 sp=0x0000000125b1fee8 mode 2
Event: 96036.738 Thread 0x00007fd5ebb99000 Uncommon trap: trap_request=0xffffffad fr.pc=0x00000001077078b0
Event: 96036.738 Executing VM operation: RevokeBias
Event: 96036.743 Executing VM operation: RevokeBias done
Event: 96036.743 Thread 0x00007fd5ebb99000 DEOPT PACKING pc=0x00000001077078b0 sp=0x0000000125b1eb60
Event: 96036.743 Thread 0x00007fd5ebb99000 DEOPT UNPACKING pc=0x0000000106d23f69 sp=0x0000000125b1ea30 mode 2
Event: 96037.391 Executing VM operation: ParallelGCFailedAllocation
Event: 96037.484 Executing VM operation: ParallelGCFailedAllocation done


Dynamic libraries:
0x000000000601e000 	/System/Library/Frameworks/Cocoa.framework/Versions/A/Cocoa
0x000000000601e000 	/System/Library/Frameworks/Security.framework/Versions/A/Security
0x000000000601e000 	/System/Library/Frameworks/ApplicationServices.framework/Versions/A/ApplicationServices
0x000000000601e000 	/usr/lib/libz.1.dylib
0x000000000601e000 	/usr/lib/libSystem.B.dylib
0x000000000601e000 	/usr/lib/libobjc.A.dylib
0x000000000601e000 	/System/Library/Frameworks/CoreFoundation.framework/Versions/A/CoreFoundation
0x000000000601e000 	/System/Library/Frameworks/Foundation.framework/Versions/C/Foundation
0x000000000601e000 	/System/Library/Frameworks/AppKit.framework/Versions/C/AppKit
0x000000000601e000 	/System/Library/Frameworks/CoreData.framework/Versions/A/CoreData
0x000000000601e000 	/System/Library/PrivateFrameworks/RemoteViewServices.framework/Versions/A/RemoteViewServices
0x000000000601e000 	/System/Library/PrivateFrameworks/UIFoundation.framework/Versions/A/UIFoundation
0x000000000601e000 	/System/Library/Frameworks/IOSurface.framework/Versions/A/IOSurface
0x000000000601e000 	/System/Library/Frameworks/AudioToolbox.framework/Versions/A/AudioToolbox
0x000000000601e000 	/System/Library/Frameworks/AudioUnit.framework/Versions/A/AudioUnit
0x000000000601e000 	/System/Library/PrivateFrameworks/DataDetectorsCore.framework/Versions/A/DataDetectorsCore
0x000000000601e000 	/System/Library/PrivateFrameworks/DesktopServicesPriv.framework/Versions/A/DesktopServicesPriv
0x000000000601e000 	/System/Library/Frameworks/Carbon.framework/Versions/A/Frameworks/HIToolbox.framework/Versions/A/HIToolbox
0x000000000601e000 	/System/Library/Frameworks/QuartzCore.framework/Versions/A/QuartzCore
0x000000000601e000 	/System/Library/Frameworks/Carbon.framework/Versions/A/Frameworks/SpeechRecognition.framework/Versions/A/SpeechRecognition
0x000000000601e000 	/usr/lib/libauto.dylib
0x000000000601e000 	/usr/lib/libicucore.A.dylib
0x000000000601e000 	/usr/lib/libxml2.2.dylib
0x000000000601e000 	/System/Library/PrivateFrameworks/CoreUI.framework/Versions/A/CoreUI
0x000000000601e000 	/System/Library/Frameworks/CoreAudio.framework/Versions/A/CoreAudio
0x000000000601e000 	/System/Library/Frameworks/DiskArbitration.framework/Versions/A/DiskArbitration
0x000000000601e000 	/usr/lib/liblangid.dylib
0x000000000601e000 	/System/Library/PrivateFrameworks/MultitouchSupport.framework/Versions/A/MultitouchSupport
0x000000000601e000 	/System/Library/Frameworks/IOKit.framework/Versions/A/IOKit
0x000000000601e000 	/usr/lib/libDiagnosticMessagesClient.dylib
0x000000000601e000 	/System/Library/Frameworks/CoreServices.framework/Versions/A/CoreServices
0x000000000601e000 	/System/Library/PrivateFrameworks/PerformanceAnalysis.framework/Versions/A/PerformanceAnalysis
0x000000000601e000 	/System/Library/PrivateFrameworks/GenerationalStorage.framework/Versions/A/GenerationalStorage
0x000000000601e000 	/System/Library/Frameworks/OpenGL.framework/Versions/A/OpenGL
0x000000000601e000 	/System/Library/PrivateFrameworks/Sharing.framework/Versions/A/Sharing
0x000000000601e000 	/System/Library/Frameworks/CoreGraphics.framework/Versions/A/CoreGraphics
0x000000000601e000 	/System/Library/Frameworks/CoreText.framework/Versions/A/CoreText
0x000000000601e000 	/System/Library/Frameworks/ImageIO.framework/Versions/A/ImageIO
0x000000000601e000 	/usr/lib/libextension.dylib
0x000000000601e000 	/System/Library/PrivateFrameworks/Backup.framework/Versions/A/Backup
0x000000000601e000 	/usr/lib/libarchive.2.dylib
0x000000000601e000 	/System/Library/Frameworks/CFNetwork.framework/Versions/A/CFNetwork
0x000000000601e000 	/System/Library/Frameworks/SystemConfiguration.framework/Versions/A/SystemConfiguration
0x000000000601e000 	/usr/lib/libCRFSuite.dylib
0x000000000601e000 	/usr/lib/libc++.1.dylib
0x000000000601e000 	/usr/lib/libc++abi.dylib
0x000000000601e000 	/usr/lib/system/libcache.dylib
0x000000000601e000 	/usr/lib/system/libcommonCrypto.dylib
0x000000000601e000 	/usr/lib/system/libcompiler_rt.dylib
0x000000000601e000 	/usr/lib/system/libcopyfile.dylib
0x000000000601e000 	/usr/lib/system/libcorecrypto.dylib
0x000000000601e000 	/usr/lib/system/libdispatch.dylib
0x000000000601e000 	/usr/lib/system/libdyld.dylib
0x000000000601e000 	/usr/lib/system/libkeymgr.dylib
0x000000000601e000 	/usr/lib/system/liblaunch.dylib
0x000000000601e000 	/usr/lib/system/libmacho.dylib
0x000000000601e000 	/usr/lib/system/libquarantine.dylib
0x000000000601e000 	/usr/lib/system/libremovefile.dylib
0x000000000601e000 	/usr/lib/system/libsystem_asl.dylib
0x000000000601e000 	/usr/lib/system/libsystem_blocks.dylib
0x000000000601e000 	/usr/lib/system/libsystem_c.dylib
0x000000000601e000 	/usr/lib/system/libsystem_configuration.dylib
0x000000000601e000 	/usr/lib/system/libsystem_coreservices.dylib
0x000000000601e000 	/usr/lib/system/libsystem_coretls.dylib
0x000000000601e000 	/usr/lib/system/libsystem_dnssd.dylib
0x000000000601e000 	/usr/lib/system/libsystem_info.dylib
0x000000000601e000 	/usr/lib/system/libsystem_kernel.dylib
0x000000000601e000 	/usr/lib/system/libsystem_m.dylib
0x000000000601e000 	/usr/lib/system/libsystem_malloc.dylib
0x000000000601e000 	/usr/lib/system/libsystem_network.dylib
0x000000000601e000 	/usr/lib/system/libsystem_networkextension.dylib
0x000000000601e000 	/usr/lib/system/libsystem_notify.dylib
0x000000000601e000 	/usr/lib/system/libsystem_platform.dylib
0x000000000601e000 	/usr/lib/system/libsystem_pthread.dylib
0x000000000601e000 	/usr/lib/system/libsystem_sandbox.dylib
0x000000000601e000 	/usr/lib/system/libsystem_secinit.dylib
0x000000000601e000 	/usr/lib/system/libsystem_stats.dylib
0x000000000601e000 	/usr/lib/system/libsystem_trace.dylib
0x000000000601e000 	/usr/lib/system/libunc.dylib
0x000000000601e000 	/usr/lib/system/libunwind.dylib
0x000000000601e000 	/usr/lib/system/libxpc.dylib
0x000000000601e000 	/usr/lib/libbz2.1.0.dylib
0x000000000601e000 	/usr/lib/liblzma.5.dylib
0x000000000601e000 	/usr/lib/libbsm.0.dylib
0x000000000601e000 	/usr/lib/libsqlite3.dylib
0x000000000601e000 	/usr/lib/system/libkxld.dylib
0x000000000601e000 	/usr/lib/libxar.1.dylib
0x000000000601e000 	/usr/lib/libpam.2.dylib
0x000000000601e000 	/usr/lib/libOpenScriptingUtil.dylib
0x000000000601e000 	/System/Library/Frameworks/CoreServices.framework/Versions/A/Frameworks/FSEvents.framework/Versions/A/FSEvents
0x000000000601e000 	/System/Library/Frameworks/CoreServices.framework/Versions/A/Frameworks/CarbonCore.framework/Versions/A/CarbonCore
0x000000000601e000 	/System/Library/Frameworks/CoreServices.framework/Versions/A/Frameworks/Metadata.framework/Versions/A/Metadata
0x000000000601e000 	/System/Library/Frameworks/CoreServices.framework/Versions/A/Frameworks/OSServices.framework/Versions/A/OSServices
0x000000000601e000 	/System/Library/Frameworks/CoreServices.framework/Versions/A/Frameworks/SearchKit.framework/Versions/A/SearchKit
0x000000000601e000 	/System/Library/Frameworks/CoreServices.framework/Versions/A/Frameworks/AE.framework/Versions/A/AE
0x000000000601e000 	/System/Library/Frameworks/CoreServices.framework/Versions/A/Frameworks/LaunchServices.framework/Versions/A/LaunchServices
0x000000000601e000 	/System/Library/Frameworks/CoreServices.framework/Versions/A/Frameworks/DictionaryServices.framework/Versions/A/DictionaryServices
0x000000000601e000 	/System/Library/Frameworks/NetFS.framework/Versions/A/NetFS
0x000000000601e000 	/System/Library/PrivateFrameworks/NetAuth.framework/Versions/A/NetAuth
0x000000000601e000 	/System/Library/PrivateFrameworks/login.framework/Versions/A/Frameworks/loginsupport.framework/Versions/A/loginsupport
0x000000000601e000 	/System/Library/PrivateFrameworks/TCC.framework/Versions/A/TCC
0x000000000601e000 	/usr/lib/libmecabra.dylib
0x000000000601e000 	/System/Library/Frameworks/ApplicationServices.framework/Versions/A/Frameworks/ATS.framework/Versions/A/ATS
0x000000000601e000 	/System/Library/Frameworks/ApplicationServices.framework/Versions/A/Frameworks/ColorSync.framework/Versions/A/ColorSync
0x000000000601e000 	/System/Library/Frameworks/ApplicationServices.framework/Versions/A/Frameworks/HIServices.framework/Versions/A/HIServices
0x000000000601e000 	/System/Library/Frameworks/ApplicationServices.framework/Versions/A/Frameworks/LangAnalysis.framework/Versions/A/LangAnalysis
0x000000000601e000 	/System/Library/Frameworks/ApplicationServices.framework/Versions/A/Frameworks/PrintCore.framework/Versions/A/PrintCore
0x000000000601e000 	/System/Library/Frameworks/ApplicationServices.framework/Versions/A/Frameworks/QD.framework/Versions/A/QD
0x000000000601e000 	/System/Library/Frameworks/ApplicationServices.framework/Versions/A/Frameworks/SpeechSynthesis.framework/Versions/A/SpeechSynthesis
0x000000000601e000 	/System/Library/Frameworks/Accelerate.framework/Versions/A/Accelerate
0x000000000601e000 	/System/Library/Frameworks/Accelerate.framework/Versions/A/Frameworks/vImage.framework/Versions/A/vImage
0x000000000601e000 	/System/Library/Frameworks/Accelerate.framework/Versions/A/Frameworks/vecLib.framework/Versions/A/vecLib
0x000000000601e000 	/System/Library/Frameworks/Accelerate.framework/Versions/A/Frameworks/vecLib.framework/Versions/A/libvDSP.dylib
0x000000000601e000 	/System/Library/Frameworks/Accelerate.framework/Versions/A/Frameworks/vecLib.framework/Versions/A/libvMisc.dylib
0x000000000601e000 	/System/Library/Frameworks/Accelerate.framework/Versions/A/Frameworks/vecLib.framework/Versions/A/libLAPACK.dylib
0x000000000601e000 	/System/Library/Frameworks/Accelerate.framework/Versions/A/Frameworks/vecLib.framework/Versions/A/libBLAS.dylib
0x000000000601e000 	/System/Library/Frameworks/Accelerate.framework/Versions/A/Frameworks/vecLib.framework/Versions/A/libLinearAlgebra.dylib
0x000000000601e000 	/System/Library/Frameworks/ApplicationServices.framework/Versions/A/Frameworks/ATS.framework/Versions/A/Resources/libFontParser.dylib
0x000000000601e000 	/System/Library/Frameworks/ApplicationServices.framework/Versions/A/Frameworks/ATS.framework/Versions/A/Resources/libFontRegistry.dylib
0x000000000601e000 	/System/Library/PrivateFrameworks/AppleVPA.framework/Versions/A/AppleVPA
0x000000000601e000 	/System/Library/PrivateFrameworks/AppleJPEG.framework/Versions/A/AppleJPEG
0x000000000601e000 	/System/Library/Frameworks/ImageIO.framework/Versions/A/Resources/libJPEG.dylib
0x000000000601e000 	/System/Library/Frameworks/ImageIO.framework/Versions/A/Resources/libTIFF.dylib
0x000000000601e000 	/System/Library/Frameworks/ImageIO.framework/Versions/A/Resources/libPng.dylib
0x000000000601e000 	/System/Library/Frameworks/ImageIO.framework/Versions/A/Resources/libGIF.dylib
0x000000000601e000 	/System/Library/Frameworks/ImageIO.framework/Versions/A/Resources/libJP2.dylib
0x000000000601e000 	/System/Library/Frameworks/ImageIO.framework/Versions/A/Resources/libRadiance.dylib
0x000000000601e000 	/System/Library/Frameworks/CoreVideo.framework/Versions/A/CoreVideo
0x000000000601e000 	/System/Library/Frameworks/OpenGL.framework/Versions/A/Libraries/libGLU.dylib
0x000000000601e000 	/System/Library/Frameworks/OpenGL.framework/Versions/A/Libraries/libGFXShared.dylib
0x000000000601e000 	/System/Library/Frameworks/OpenGL.framework/Versions/A/Libraries/libGL.dylib
0x000000000601e000 	/System/Library/Frameworks/OpenGL.framework/Versions/A/Libraries/libGLImage.dylib
0x000000000601e000 	/System/Library/Frameworks/OpenGL.framework/Versions/A/Libraries/libCVMSPluginSupport.dylib
0x000000000601e000 	/System/Library/Frameworks/OpenGL.framework/Versions/A/Libraries/libCoreVMClient.dylib
0x000000000601e000 	/usr/lib/libcups.2.dylib
0x000000000601e000 	/System/Library/Frameworks/Kerberos.framework/Versions/A/Kerberos
0x000000000601e000 	/System/Library/Frameworks/GSS.framework/Versions/A/GSS
0x000000000601e000 	/usr/lib/libresolv.9.dylib
0x000000000601e000 	/usr/lib/libiconv.2.dylib
0x000000000601e000 	/System/Library/PrivateFrameworks/Heimdal.framework/Versions/A/Heimdal
0x000000000601e000 	/usr/lib/libheimdal-asn1.dylib
0x000000000601e000 	/System/Library/Frameworks/OpenDirectory.framework/Versions/A/OpenDirectory
0x000000000601e000 	/System/Library/PrivateFrameworks/CommonAuth.framework/Versions/A/CommonAuth
0x000000000601e000 	/System/Library/Frameworks/OpenDirectory.framework/Versions/A/Frameworks/CFOpenDirectory.framework/Versions/A/CFOpenDirectory
0x000000000601e000 	/System/Library/Frameworks/SecurityFoundation.framework/Versions/A/SecurityFoundation
0x000000000601e000 	/System/Library/PrivateFrameworks/LanguageModeling.framework/Versions/A/LanguageModeling
0x000000000601e000 	/usr/lib/libcmph.dylib
0x000000000601e000 	/System/Library/Frameworks/ServiceManagement.framework/Versions/A/ServiceManagement
0x000000000601e000 	/usr/lib/libxslt.1.dylib
0x000000000601e000 	/System/Library/Frameworks/Carbon.framework/Versions/A/Frameworks/Ink.framework/Versions/A/Ink
0x000000000601e000 	/System/Library/Frameworks/QuartzCore.framework/Versions/A/Frameworks/CoreImage.framework/Versions/A/CoreImage
0x000000000601e000 	/System/Library/PrivateFrameworks/CrashReporterSupport.framework/Versions/A/CrashReporterSupport
0x000000000601e000 	/System/Library/Frameworks/OpenCL.framework/Versions/A/OpenCL
0x000000000601e000 	/System/Library/PrivateFrameworks/FaceCore.framework/Versions/A/FaceCore
0x000000000601e000 	/System/Library/PrivateFrameworks/Ubiquity.framework/Versions/A/Ubiquity
0x000000000601e000 	/System/Library/PrivateFrameworks/IconServices.framework/Versions/A/IconServices
0x000000000601e000 	/System/Library/PrivateFrameworks/ChunkingLibrary.framework/Versions/A/ChunkingLibrary
0x000000000601e000 	/System/Library/PrivateFrameworks/Apple80211.framework/Versions/A/Apple80211
0x000000000601e000 	/System/Library/Frameworks/CoreWLAN.framework/Versions/A/CoreWLAN
0x000000000601e000 	/System/Library/Frameworks/IOBluetooth.framework/Versions/A/IOBluetooth
0x000000000601e000 	/System/Library/PrivateFrameworks/CoreWiFi.framework/Versions/A/CoreWiFi
0x000000000601e000 	/System/Library/Frameworks/CoreBluetooth.framework/Versions/A/CoreBluetooth
0x000000000601e000 	/System/Library/PrivateFrameworks/DebugSymbols.framework/Versions/A/DebugSymbols
0x000000000601e000 	/System/Library/PrivateFrameworks/CoreSymbolication.framework/Versions/A/CoreSymbolication
0x000000000601e000 	/System/Library/PrivateFrameworks/Symbolication.framework/Versions/A/Symbolication
0x000000000601e000 	/System/Library/PrivateFrameworks/SpeechRecognitionCore.framework/Versions/A/SpeechRecognitionCore
0x0000000105e00000 	/Library/Internet Plug-Ins/JavaAppletPlugin.plugin/Contents/Home/lib/server/libjvm.dylib
0x000000000601e000 	/usr/lib/libstdc++.6.dylib
0x0000000105595000 	/Library/Internet Plug-Ins/JavaAppletPlugin.plugin/Contents/Home/lib/libverify.dylib
0x00000001055a3000 	/Library/Internet Plug-Ins/JavaAppletPlugin.plugin/Contents/Home/lib/libjava.dylib
0x00000001055e1000 	/Library/Internet Plug-Ins/JavaAppletPlugin.plugin/Contents/Home/lib/libzip.dylib
0x000000011cd6c000 	/System/Library/Frameworks/JavaVM.framework/Frameworks/JavaRuntimeSupport.framework/JavaRuntimeSupport
0x00000001055ea000 	/System/Library/Frameworks/JavaVM.framework/Versions/A/Frameworks/JavaNativeFoundation.framework/Versions/A/JavaNativeFoundation
0x000000011cd84000 	/System/Library/Frameworks/JavaVM.framework/Versions/A/JavaVM
0x000000000601e000 	/System/Library/Frameworks/Carbon.framework/Versions/A/Carbon
0x000000011cd91000 	/System/Library/PrivateFrameworks/JavaLaunching.framework/Versions/A/JavaLaunching
0x000000000601e000 	/System/Library/Frameworks/Carbon.framework/Versions/A/Frameworks/CommonPanels.framework/Versions/A/CommonPanels
0x000000000601e000 	/System/Library/Frameworks/Carbon.framework/Versions/A/Frameworks/Help.framework/Versions/A/Help
0x000000000601e000 	/System/Library/Frameworks/Carbon.framework/Versions/A/Frameworks/ImageCapture.framework/Versions/A/ImageCapture
0x000000000601e000 	/System/Library/Frameworks/Carbon.framework/Versions/A/Frameworks/OpenScripting.framework/Versions/A/OpenScripting
0x000000000601e000 	/System/Library/Frameworks/Carbon.framework/Versions/A/Frameworks/Print.framework/Versions/A/Print
0x000000000601e000 	/System/Library/Frameworks/Carbon.framework/Versions/A/Frameworks/SecurityHI.framework/Versions/A/SecurityHI
0x000000011ef5c000 	/Library/Internet Plug-Ins/JavaAppletPlugin.plugin/Contents/Home/lib/libosx.dylib
0x000000011f008000 	/Library/Internet Plug-Ins/JavaAppletPlugin.plugin/Contents/Home/lib/./libosxapp.dylib
0x000000000601e000 	/System/Library/Frameworks/ExceptionHandling.framework/Versions/A/ExceptionHandling
0x000000011f25d000 	/Library/Internet Plug-Ins/JavaAppletPlugin.plugin/Contents/Home/lib/libawt.dylib
0x000000011f30c000 	/Library/Internet Plug-Ins/JavaAppletPlugin.plugin/Contents/Home/lib/./libmlib_image.dylib
0x000000011f3d8000 	/Library/Internet Plug-Ins/JavaAppletPlugin.plugin/Contents/Home/lib/libawt_lwawt.dylib
0x000000000601e000 	/System/Library/PrivateFrameworks/CoreServicesInternal.framework/Versions/A/CoreServicesInternal
0x000000000601e000 	/System/Library/PrivateFrameworks/CloudDocs.framework/Versions/A/CloudDocs
0x000000000601e000 	/System/Library/PrivateFrameworks/CoreDuet.framework/Versions/A/CoreDuet
0x000000000601e000 	/System/Library/Frameworks/CloudKit.framework/Versions/A/CloudKit
0x000000000601e000 	/System/Library/PrivateFrameworks/ProtocolBuffer.framework/Versions/A/ProtocolBuffer
0x000000000601e000 	/System/Library/PrivateFrameworks/CoreDuetDaemonProtocol.framework/Versions/A/CoreDuetDaemonProtocol
0x000000000601e000 	/System/Library/PrivateFrameworks/CoreDuetDebugLogging.framework/Versions/A/CoreDuetDebugLogging
0x000000000601e000 	/System/Library/Frameworks/CoreLocation.framework/Versions/A/CoreLocation
0x000000000601e000 	/System/Library/Frameworks/Accounts.framework/Versions/A/Accounts
0x000000000601e000 	/System/Library/PrivateFrameworks/ApplePushService.framework/Versions/A/ApplePushService
0x000000000601e000 	/System/Library/PrivateFrameworks/GeoServices.framework/Versions/A/GeoServices
0x000000000601e000 	/System/Library/PrivateFrameworks/OAuth.framework/Versions/A/OAuth
0x000000000601e000 	/System/Library/PrivateFrameworks/CoreDaemon.framework/Versions/B/CoreDaemon
0x000000000601e000 	/usr/lib/libcrypto.0.9.8.dylib
0x000000000601e000 	/System/Library/PrivateFrameworks/AppleSRP.framework/Versions/A/AppleSRP
0x000000000601e000 	/System/Library/PrivateFrameworks/TrustEvaluationAgent.framework/Versions/A/TrustEvaluationAgent
0x000000000601e000 	/System/Library/Frameworks/CoreGraphics.framework/Versions/A/Resources/libCGCMS.A.dylib
0x000000000601e000 	/System/Library/Frameworks/CoreGraphics.framework/Versions/A/Resources/libRIP.A.dylib
0x000000000601e000 	/System/Library/Frameworks/CoreGraphics.framework/Versions/A/Resources/libCGXType.A.dylib
0x000000000601e000 	/System/Library/Frameworks/OpenCL.framework/Versions/A/Libraries/libcldcpuengine.dylib
0x000000000601e000 	/System/Library/PrivateFrameworks/DiskImages.framework/Versions/A/DiskImages
0x000000000601e000 	/System/Library/Frameworks/DiscRecording.framework/Versions/A/DiscRecording
0x000000000601e000 	/usr/lib/libcsfde.dylib
0x000000000601e000 	/usr/lib/libcurl.4.dylib
0x000000000601e000 	/System/Library/PrivateFrameworks/MediaKit.framework/Versions/A/MediaKit
0x000000000601e000 	/System/Library/PrivateFrameworks/ProtectedCloudStorage.framework/Versions/A/ProtectedCloudStorage
0x000000000601e000 	/usr/lib/libCoreStorage.dylib
0x000000000601e000 	/System/Library/PrivateFrameworks/EFILogin.framework/Versions/A/EFILogin
0x000000000601e000 	/usr/lib/libutil.dylib
0x000000000601e000 	/System/Library/PrivateFrameworks/FindMyDevice.framework/Versions/A/FindMyDevice
0x000000000601e000 	/System/Library/Frameworks/LDAP.framework/Versions/A/LDAP
0x000000000601e000 	/usr/lib/libsasl2.2.dylib
0x0000000122415000 	cl_kernels
0x0000000122417000 	/System/Library/Frameworks/OpenCL.framework/Versions/A/Libraries/ImageFormats/unorm8_bgra.dylib
0x0000000122407000 	cl_kernels
0x000000000601e000 	/System/Library/PrivateFrameworks/FamilyControls.framework/Versions/A/FamilyControls
0x000000000601e000 	/System/Library/PrivateFrameworks/CommerceKit.framework/Versions/A/Frameworks/CommerceCore.framework/Versions/A/CommerceCore
0x000000000601e000 	/System/Library/PrivateFrameworks/SystemAdministration.framework/Versions/A/SystemAdministration
0x000000000601e000 	/System/Library/PrivateFrameworks/AppContainer.framework/Versions/A/AppContainer
0x000000000601e000 	/System/Library/PrivateFrameworks/SecCodeWrapper.framework/Versions/A/SecCodeWrapper
0x000000000601e000 	/System/Library/Frameworks/DirectoryService.framework/Versions/A/DirectoryService
0x000000000601e000 	/System/Library/PrivateFrameworks/LoginUIKit.framework/Versions/A/Frameworks/LoginUICore.framework/Versions/A/LoginUICore
0x000000000601e000 	/usr/lib/libodfde.dylib
0x000000000601e000 	/System/Library/Frameworks/OpenGL.framework/Versions/A/Resources/GLEngine.bundle/GLEngine
0x000000000601e000 	/System/Library/Frameworks/OpenGL.framework/Versions/A/Libraries/libGLProgrammability.dylib
0x0000000000000000 	/System/Library/Extensions/AppleIntelHD5000GraphicsGLDriver.bundle/Contents/MacOS/AppleIntelHD5000GraphicsGLDriver
0x000000000601e000 	/System/Library/PrivateFrameworks/IOAccelerator.framework/Versions/A/IOAccelerator
0x000000000601e000 	/System/Library/PrivateFrameworks/GPUSupport.framework/Versions/A/Libraries/libGPUSupportMercury.dylib
0x000000000601e000 	/System/Library/Frameworks/OpenGL.framework/Versions/A/Resources/GLRendererFloat.bundle/GLRendererFloat
0x00000001240a5000 	/Library/Internet Plug-Ins/JavaAppletPlugin.plugin/Contents/Home/lib/libfontmanager.dylib
0x000000012410c000 	/Library/Internet Plug-Ins/JavaAppletPlugin.plugin/Contents/Home/lib/libosxui.dylib
0x0000000124218000 	/Library/Internet Plug-Ins/JavaAppletPlugin.plugin/Contents/Home/lib/libjpeg.dylib
0x0000000124732000 	/Library/Internet Plug-Ins/JavaAppletPlugin.plugin/Contents/Home/lib/libnet.dylib
0x00000001244e7000 	/Library/Internet Plug-Ins/JavaAppletPlugin.plugin/Contents/Home/lib/libnio.dylib
0x0000000129534000 	/Library/Internet Plug-Ins/JavaAppletPlugin.plugin/Contents/Home/lib/libdcpr.dylib
0x000000000601e000 	/System/Library/Frameworks/Accelerate.framework/Versions/A/Frameworks/vImage.framework/Versions/A/Libraries/libCGInterfaces.dylib
0x000000000601e000 	/System/Library/Frameworks/ApplicationServices.framework/Versions/A/Frameworks/ATS.framework/Versions/A/Resources/libTrueTypeScaler.dylib
0x000000000601e000 	/System/Library/CoreServices/RawCamera.bundle/Contents/MacOS/RawCamera
0x000000012b596000 	/System/Library/PrivateFrameworks/Lookup.framework/Lookup
0x000000000601e000 	/usr/lib/libScreenReader.dylib
0x000000000601e000 	/System/Library/Frameworks/Quartz.framework/Versions/A/Quartz
0x000000000601e000 	/System/Library/Frameworks/QuickLook.framework/Versions/A/QuickLook
0x000000000601e000 	/System/Library/Frameworks/WebKit.framework/Versions/A/WebKit
0x000000000601e000 	/System/Library/PrivateFrameworks/DataDetectors.framework/Versions/A/DataDetectors
0x000000000601e000 	/System/Library/Frameworks/Quartz.framework/Versions/A/Frameworks/QuartzComposer.framework/Versions/A/QuartzComposer
0x000000000601e000 	/System/Library/Frameworks/Quartz.framework/Versions/A/Frameworks/PDFKit.framework/Versions/A/PDFKit
0x000000000601e000 	/System/Library/Frameworks/Quartz.framework/Versions/A/Frameworks/QuartzFilters.framework/Versions/A/QuartzFilters
0x000000000601e000 	/System/Library/Frameworks/Quartz.framework/Versions/A/Frameworks/ImageKit.framework/Versions/A/ImageKit
0x000000000601e000 	/System/Library/Frameworks/Quartz.framework/Versions/A/Frameworks/QuickLookUI.framework/Versions/A/QuickLookUI
0x000000000601e000 	/System/Library/Frameworks/JavaScriptCore.framework/Versions/A/JavaScriptCore
0x000000000601e000 	/System/Library/Frameworks/QTKit.framework/Versions/A/QTKit
0x000000000601e000 	/System/Library/PrivateFrameworks/AppleSystemInfo.framework/Versions/A/AppleSystemInfo
0x000000000601e000 	/System/Library/Frameworks/AVFoundation.framework/Versions/A/AVFoundation
0x000000000601e000 	/System/Library/Frameworks/CoreMedia.framework/Versions/A/CoreMedia
0x000000000601e000 	/System/Library/Frameworks/MediaToolbox.framework/Versions/A/MediaToolbox
0x000000000601e000 	/System/Library/Frameworks/VideoToolbox.framework/Versions/A/VideoToolbox
0x000000000601e000 	/System/Library/PrivateFrameworks/CoreMediaAuthoring.framework/Versions/A/CoreMediaAuthoring
0x000000000601e000 	/System/Library/Frameworks/CoreMediaIO.framework/Versions/A/CoreMediaIO
0x000000000601e000 	/System/Library/Frameworks/AVFoundation.framework/Versions/A/Resources/libAVFAudio.dylib
0x000000000601e000 	/System/Library/PrivateFrameworks/MediaControlSender.framework/Versions/A/MediaControlSender
0x000000000601e000 	/System/Library/PrivateFrameworks/CoreAVCHD.framework/Versions/A/CoreAVCHD
0x000000000601e000 	/System/Library/Frameworks/MediaAccessibility.framework/Versions/A/MediaAccessibility
0x000000000601e000 	/System/Library/PrivateFrameworks/Mangrove.framework/Versions/A/Mangrove
0x000000000601e000 	/System/Library/PrivateFrameworks/CoreAUC.framework/Versions/A/CoreAUC
0x000000000601e000 	/System/Library/PrivateFrameworks/NetworkStatistics.framework/Versions/A/NetworkStatistics
0x000000000601e000 	/System/Library/PrivateFrameworks/AirPlaySupport.framework/Versions/A/AirPlaySupport
0x000000000601e000 	/System/Library/PrivateFrameworks/CoreUtils.framework/Versions/A/CoreUtils
0x000000000601e000 	/System/Library/PrivateFrameworks/AppleVA.framework/Versions/A/AppleVA
0x000000000601e000 	/System/Library/PrivateFrameworks/XPCService.framework/Versions/A/XPCService
0x000000000601e000 	/System/Library/PrivateFrameworks/AppSandbox.framework/Versions/A/AppSandbox
0x000000000601e000 	/usr/lib/libsandbox.1.dylib
0x000000000601e000 	/usr/lib/libMatch.1.dylib
0x000000000601e000 	/System/Library/PrivateFrameworks/CorePDF.framework/Versions/A/CorePDF
0x000000000601e000 	/System/Library/PrivateFrameworks/DisplayServices.framework/Versions/A/DisplayServices
0x000000000601e000 	/System/Library/Frameworks/ImageCaptureCore.framework/Versions/A/ImageCaptureCore
0x000000000601e000 	/System/Library/PrivateFrameworks/SafariServices.framework/Versions/A/SafariServices
0x000000000601e000 	/usr/lib/libspindump.dylib
0x000000000601e000 	/System/Library/Frameworks/WebKit.framework/Versions/A/Frameworks/WebKitLegacy.framework/Versions/A/WebKitLegacy
0x000000000601e000 	/System/Library/Frameworks/WebKit.framework/Versions/A/Frameworks/WebCore.framework/Versions/A/WebCore
0x000000000601e000 	/System/Library/PrivateFrameworks/IDS.framework/Versions/A/IDS
0x000000000601e000 	/System/Library/Frameworks/AddressBook.framework/Versions/A/AddressBook
0x000000000601e000 	/System/Library/PrivateFrameworks/IMFoundation.framework/Versions/A/IMFoundation
0x000000000601e000 	/System/Library/PrivateFrameworks/Marco.framework/Versions/A/Marco
0x000000000601e000 	/System/Library/PrivateFrameworks/IDSFoundation.framework/Versions/A/IDSFoundation
0x000000000601e000 	/System/Library/PrivateFrameworks/FTServices.framework/Versions/A/FTServices
0x000000000601e000 	/usr/lib/libtidy.A.dylib
0x000000000601e000 	/System/Library/PrivateFrameworks/CommonUtilities.framework/Versions/A/CommonUtilities
0x000000000601e000 	/System/Library/PrivateFrameworks/Bom.framework/Versions/A/Bom
0x000000000601e000 	/System/Library/PrivateFrameworks/AppleFSCompression.framework/Versions/A/AppleFSCompression
0x000000000601e000 	/System/Library/PrivateFrameworks/DiagnosticLogCollection.framework/Versions/A/DiagnosticLogCollection
0x000000000601e000 	/System/Library/PrivateFrameworks/IntlPreferences.framework/Versions/A/IntlPreferences
0x000000000601e000 	/System/Library/PrivateFrameworks/ToneLibrary.framework/Versions/A/ToneLibrary
0x000000000601e000 	/System/Library/PrivateFrameworks/ToneKit.framework/Versions/A/ToneKit
0x000000000601e000 	/System/Library/PrivateFrameworks/vCard.framework/Versions/A/vCard
0x000000000601e000 	/System/Library/PrivateFrameworks/ContactsData.framework/Versions/A/ContactsData
0x000000000601e000 	/System/Library/PrivateFrameworks/ContactsFoundation.framework/Versions/A/ContactsFoundation
0x000000000601e000 	/System/Library/Frameworks/SecurityInterface.framework/Versions/A/SecurityInterface
0x000000000601e000 	/System/Library/PrivateFrameworks/PhoneNumbers.framework/Versions/A/PhoneNumbers

VM Arguments:
java_command: /Users/macpro/Desktop/APCS - University of Science/Subjects/ECE 341/Mars4_3.jar
java_class_path (initial): /Users/macpro/Desktop/APCS - University of Science/Subjects/ECE 341/Mars4_3.jar
Launcher Type: SUN_STANDARD

Environment Variables:
PATH=/usr/bin:/bin:/usr/sbin:/sbin
SHELL=/bin/bash

Signal Handlers:
SIGSEGV: [libjvm.dylib+0x57a0e7], sa_mask[0]=11111111011111110111111111111111, sa_flags=SA_ONSTACK|SA_RESTART|SA_SIGINFO
SIGBUS: [libjvm.dylib+0x57a0e7], sa_mask[0]=11111111011111110111111111111111, sa_flags=SA_RESTART|SA_SIGINFO
SIGFPE: [libjvm.dylib+0x45af24], sa_mask[0]=11111111011111110111111111111111, sa_flags=SA_RESTART|SA_SIGINFO
SIGPIPE: [libjvm.dylib+0x45af24], sa_mask[0]=11111111011111110111111111111111, sa_flags=SA_RESTART|SA_SIGINFO
SIGXFSZ: [libjvm.dylib+0x45af24], sa_mask[0]=11111111011111110111111111111111, sa_flags=SA_RESTART|SA_SIGINFO
SIGILL: [libjvm.dylib+0x45af24], sa_mask[0]=11111111011111110111111111111111, sa_flags=SA_RESTART|SA_SIGINFO
SIGUSR1: SIG_DFL, sa_mask[0]=00000000000000000000000000000000, sa_flags=none
SIGUSR2: [libjvm.dylib+0x45aa42], sa_mask[0]=00000000000000000000000000000000, sa_flags=SA_RESTART|SA_SIGINFO
SIGHUP: [libjvm.dylib+0x459015], sa_mask[0]=11111111011111110111111111111111, sa_flags=SA_RESTART|SA_SIGINFO
SIGINT: [libjvm.dylib+0x459015], sa_mask[0]=11111111011111110111111111111111, sa_flags=SA_RESTART|SA_SIGINFO
SIGTERM: [libjvm.dylib+0x459015], sa_mask[0]=11111111011111110111111111111111, sa_flags=SA_RESTART|SA_SIGINFO
SIGQUIT: [libjvm.dylib+0x459015], sa_mask[0]=11111111011111110111111111111111, sa_flags=SA_RESTART|SA_SIGINFO


---------------  S Y S T E M  ---------------

OS:Bsduname:Darwin 14.1.0 Darwin Kernel Version 14.1.0: Mon Dec 22 23:10:38 PST 2014; root:xnu-2782.10.72~2/RELEASE_X86_64 x86_64
rlimit: STACK 8192k, CORE 0k, NPROC 709, NOFILE 10240, AS infinity
load average:2.31 2.38 2.51

CPU:total 4 (2 cores per cpu, 2 threads per core) family 6 model 69 stepping 1, cmov, cx8, fxsr, mmx, sse, sse2, sse3, ssse3, sse4.1, sse4.2, popcnt, avx, avx2, aes, clmul, erms, lzcnt, ht, tsc, tscinvbit, bmi1, bmi2

Memory: 4k page, physical 8388608k(51552k free)

/proc/meminfo:


vm_info: Java HotSpot(TM) 64-Bit Server VM (25.31-b07) for bsd-amd64 JRE (1.8.0_31-b13), built on Dec 17 2014 20:45:36 by "java_re" with gcc 4.2.1 (Based on Apple Inc. build 5658) (LLVM build 2336.11.00)

time: Sun Mar  8 17:29:46 2015
elapsed time: 96037 seconds (1d 2h 40m 37s)

