#
# A fatal error has been detected by the Java Runtime Environment:
#
#  SIGSEGV (0xb) at pc=0x00007fff8f0970d7, pid=7925, tid=42807
#
# JRE version: Java(TM) SE Runtime Environment (8.0_31-b13) (build 1.8.0_31-b13)
# Java VM: Java HotSpot(TM) 64-Bit Server VM (25.31-b07 mixed mode bsd-amd64 compressed oops)
# Problematic frame:
# C  [libobjc.A.dylib+0x10d7]  objc_msgSend+0x17
#
# Failed to write core dump. Core dumps have been disabled. To enable core dumping, try "ulimit -c unlimited" before starting Java again
#
# If you would like to submit a bug report, please visit:
#   http://bugreport.java.com/bugreport/crash.jsp
# The crash happened outside the Java Virtual Machine in native code.
# See problematic frame for where to report the bug.
#

---------------  T H R E A D  ---------------

Current thread (0x00007fdb95184000):  JavaThread "Java2D Queue Flusher" daemon [_thread_in_native, id=42807, stack(0x00000001269cf000,0x0000000126acf000)]

siginfo: si_signo: 11 (SIGSEGV), si_code: 0 (unknown), si_addr: 0x0000000000000000

Registers:
RAX=0x00007fdb942cf000, RBX=0x00007fdb951841e8, RCX=0x00007fdb942cf040, RDX=0x0000000122762ad0
RSP=0x0000000126ace7c8, RBP=0x0000000126ace7f0, RSI=0x00007fff8fd0ddf0, RDI=0xa000000000000000
R8 =0x0000000000000001, R9 =0x0000000000000000, R10=0x000000010a3f85b8, R11=0x00007ffffffffff8
R12=0x00007fdb942cf038, R13=0x00000007401f22f8, R14=0x00007fdb95e4ab70, R15=0x00007fdb9944f540
RIP=0x00007fff8f0970d7, EFLAGS=0x0000000000010246, ERR=0x0000000000000000
  TRAPNO=0x000000000000000d

Top of Stack: (sp=0x0000000126ace7c8)
0x0000000126ace7c8:   00000001227424ea 00007fdb990c9050
0x0000000126ace7d8:   0000000000000000 00007fdb942b8210
0x0000000126ace7e8:   00007fdb95184000 0000000126ace870
0x0000000126ace7f8:   00000001227625ae 0000000000000064
0x0000000126ace808:   00007fdb93743638 0000000126ace870
0x0000000126ace818:   000000010932be83 0000000000000005
0x0000000126ace828:   00007fdb95184000 00000007401f2201
0x0000000126ace838:   00007fdb942b8220 0000000100ace800
0x0000000126ace848:   00007fdb951841e8 0000000000000000
0x0000000126ace858:   0000000000000000 0000000126ace8c8
0x0000000126ace868:   00007fdb95184000 0000000126ace8c0
0x0000000126ace878:   000000010a3f862a 00000007401f2220
0x0000000126ace888:   0000000126ace8c8 000000011e925428
0x0000000126ace898:   0000000000000000 000000011e925330
0x0000000126ace8a8:   0000000000000000 0000000126ace8d0
0x0000000126ace8b8:   00000000e803e444 00000000e803e444
0x0000000126ace8c8:   000000010b545b44 0000000000000005
0x0000000126ace8d8:   00000007401f2220 0000000796cc68d8
0x0000000126ace8e8:   00000007401f22f8 0000000000000000
0x0000000126ace8f8:   0000000000000007 00000007401f22f8
0x0000000126ace908:   0000000700000005 00007fdb9932d840
0x0000000126ace918:   e80bf06400000000 00000007405f8320
0x0000000126ace928:   00000007405f8320 0000000000000001
0x0000000126ace938:   0000000000000009 0000000000000000
0x0000000126ace948:   0000000000000000 0000000126ace9d0
0x0000000126ace958:   000000010a0564e7 00000007401f2bd8
0x0000000126ace968:   0000000740207c78 0000000100001fa0
0x0000000126ace978:   000000000000000a 00007fdb95184000
0x0000000126ace988:   0000000000000001 000000010a05645f
0x0000000126ace998:   000000011e83e7a0 0000000126acea68
0x0000000126ace9a8:   0000000126aced00 000000010000000a
0x0000000126ace9b8:   000000011e83e7a0 000000010a066de0 

Instructions: (pc=0x00007fff8f0970d7)
0x00007fff8f0970b7:   00 0f 1f 84 00 00 00 00 00 48 85 ff 2e 74 7a 40
0x00007fff8f0970c7:   f6 c7 01 2e 75 7e 49 bb f8 ff ff ff ff 7f 00 00
0x00007fff8f0970d7:   4c 23 1f 49 89 f2 45 23 53 18 49 c1 e2 04 4d 03
0x00007fff8f0970e7:   53 10 49 3b 32 75 04 41 ff 62 08 49 83 3a 00 74 

Register to memory mapping:

RAX=0x00007fdb942cf000 is an unknown value
RBX=0x00007fdb951841e8 is an unknown value
RCX=0x00007fdb942cf040 is an unknown value
RDX=0x0000000122762ad0: Java_sun_java2d_opengl_OGLRenderQueue_flushBuffer+0xb5c in /Library/Internet Plug-Ins/JavaAppletPlugin.plugin/Contents/Home/lib/libawt_lwawt.dylib at 0x0000000122727000
RSP=0x0000000126ace7c8 is pointing into the stack for thread: 0x00007fdb95184000
RBP=0x0000000126ace7f0 is pointing into the stack for thread: 0x00007fdb95184000
RSI=0x00007fff8fd0ddf0: -[NSTitlebarContainerView shouldRoundCorners]+0xca12 in /System/Library/Frameworks/AppKit.framework/Versions/C/AppKit at 0x00007fff8f38d000
RDI=0xa000000000000000 is an unknown value
R8 =0x0000000000000001 is an unknown value
R9 =0x0000000000000000 is an unknown value
R10=0x000000010a3f85b8 is at entry_point+56 in (nmethod*)0x000000010a3f8410
R11=0x00007ffffffffff8 is an unknown value
R12=0x00007fdb942cf038 is an unknown value
R13=0x00000007401f22f8 is an oop
sun.java2d.opengl.OGLRenderQueue$QueueFlusher 
 - klass: 'sun/java2d/opengl/OGLRenderQueue$QueueFlusher'
R14=0x00007fdb95e4ab70 is an unknown value
R15=0x00007fdb9944f540 is an unknown value


Stack: [0x00000001269cf000,0x0000000126acf000],  sp=0x0000000126ace7c8,  free space=1021k
Native frames: (J=compiled Java code, j=interpreted, Vv=VM code, C=native code)
C  [libobjc.A.dylib+0x10d7]  objc_msgSend+0x17
C  [libawt_lwawt.dylib+0x3b5ae]  Java_sun_java2d_opengl_OGLRenderQueue_flushBuffer+0x63a
J 2299  sun.java2d.opengl.OGLRenderQueue.flushBuffer(JI)V (0 bytes) @ 0x000000010a3f862a [0x000000010a3f8580+0xaa]
J 7534% C2 sun.java2d.opengl.OGLRenderQueue$QueueFlusher.run()V (234 bytes) @ 0x000000010b545b44 [0x000000010b545a60+0xe4]

Java frames: (J=compiled Java code, j=interpreted, Vv=VM code)
J 2299  sun.java2d.opengl.OGLRenderQueue.flushBuffer(JI)V (0 bytes) @ 0x000000010a3f85b8 [0x000000010a3f8580+0x38]
J 7534% C2 sun.java2d.opengl.OGLRenderQueue$QueueFlusher.run()V (234 bytes) @ 0x000000010b545b44 [0x000000010b545a60+0xe4]
v  ~StubRoutines::call_stub

---------------  P R O C E S S  ---------------

Java Threads: ( => current thread )
  0x00007fdb943b7800 JavaThread "TimerQueue" daemon [_thread_blocked, id=57923, stack(0x000000012c4bb000,0x000000012c5bb000)]
  0x00007fdb93805800 JavaThread "DestroyJavaVM" [_thread_blocked, id=4867, stack(0x0000000109f20000,0x000000010a020000)]
  0x00007fdb93b6d000 JavaThread "AWT-EventQueue-0" [_thread_blocked, id=54535, stack(0x0000000128d67000,0x0000000128e67000)]
  0x00007fdb950e5800 JavaThread "Java2D Disposer" daemon [_thread_blocked, id=50711, stack(0x00000001272d2000,0x00000001273d2000)]
=>0x00007fdb95184000 JavaThread "Java2D Queue Flusher" daemon [_thread_in_native, id=42807, stack(0x00000001269cf000,0x0000000126acf000)]
  0x00007fdb94246000 JavaThread "AWT-Shutdown" [_thread_blocked, id=29191, stack(0x0000000123c1b000,0x0000000123d1b000)]
  0x00007fdb948a1800 JavaThread "AppKit Thread" daemon [_thread_in_native, id=1299, stack(0x00007fff56d6b000,0x00007fff5756b000)]
  0x00007fdb9424f800 JavaThread "Timer-0" daemon [_thread_blocked, id=19203, stack(0x0000000122414000,0x0000000122514000)]
  0x00007fdb93849800 JavaThread "Service Thread" daemon [_thread_blocked, id=18179, stack(0x0000000121cf5000,0x0000000121df5000)]
  0x00007fdb93840800 JavaThread "C1 CompilerThread2" daemon [_thread_blocked, id=17667, stack(0x0000000121bf2000,0x0000000121cf2000)]
  0x00007fdb93840000 JavaThread "C2 CompilerThread1" daemon [_thread_blocked, id=17155, stack(0x0000000121aef000,0x0000000121bef000)]
  0x00007fdb93816000 JavaThread "C2 CompilerThread0" daemon [_thread_blocked, id=16643, stack(0x00000001219ec000,0x0000000121aec000)]
  0x00007fdb9383b000 JavaThread "Signal Dispatcher" daemon [_thread_blocked, id=12811, stack(0x00000001218e9000,0x00000001219e9000)]
  0x00007fdb94045800 JavaThread "Finalizer" daemon [_thread_blocked, id=11523, stack(0x000000011ffa1000,0x00000001200a1000)]
  0x00007fdb94045000 JavaThread "Reference Handler" daemon [_thread_blocked, id=11011, stack(0x000000011fe9e000,0x000000011ff9e000)]

Other Threads:
  0x00007fdb94042800 VMThread [stack: 0x000000011fd9b000,0x000000011fe9b000] [id=10499]
  0x00007fdb94069800 WatcherThread [stack: 0x0000000121df8000,0x0000000121ef8000] [id=18691]

VM state:not at safepoint (normal execution)

VM Mutex/Monitor currently owned by a thread: None

Heap:
 PSYoungGen      total 58368K, used 21172K [0x0000000795580000, 0x000000079a480000, 0x00000007c0000000)
  eden space 40960K, 10% used [0x0000000795580000,0x00000007959c5db8,0x0000000797d80000)
  from space 17408K, 96% used [0x0000000797e80000,0x0000000798ee7590,0x0000000798f80000)
  to   space 19968K, 0% used [0x0000000799100000,0x0000000799100000,0x000000079a480000)
 ParOldGen       total 87552K, used 55903K [0x0000000740000000, 0x0000000745580000, 0x0000000795580000)
  object space 87552K, 63% used [0x0000000740000000,0x0000000743697de8,0x0000000745580000)
 Metaspace       used 24152K, capacity 24456K, committed 24832K, reserved 1071104K
  class space    used 3123K, capacity 3205K, committed 3328K, reserved 1048576K

Card table byte_map: [0x0000000119416000,0x0000000119817000] byte_map_base: 0x0000000115a16000

Marking Bits: (ParMarkBitMap*) 0x000000010989e410
 Begin Bits: [0x0000000119ece000, 0x000000011bece000)
 End Bits:   [0x000000011bece000, 0x000000011dece000)

Polling page: 0x00000001087ea000

CodeCache: size=245760Kb used=25227Kb max_used=25452Kb free=220532Kb
 bounds [0x000000010a056000, 0x000000010b986000, 0x0000000119056000]
 total_blobs=7345 nmethods=6745 adapters=510
 compilation: enabled

Compilation events (10 events):
Event: 15341.844 Thread 0x00007fdb93840800 9201       1       sun.dc.pr.PathDasher::getConsumer (5 bytes)
Event: 15341.844 Thread 0x00007fdb93840800 nmethod 9201 0x000000010a8e6510 code [0x000000010a8e6660, 0x000000010a8e6770]
Event: 15635.860 Thread 0x00007fdb93840800 9202       3       java.awt.Container::updateGraphicsData (59 bytes)
Event: 15635.861 Thread 0x00007fdb93840800 nmethod 9202 0x000000010b721c50 code [0x000000010b721e60, 0x000000010b7227c8]
Event: 16029.910 Thread 0x00007fdb93840800 9203       3       sun.awt.NullComponentPeer::updateGraphicsData (2 bytes)
Event: 16029.911 Thread 0x00007fdb93840800 nmethod 9203 0x000000010aa782d0 code [0x000000010aa78420, 0x000000010aa78570]
Event: 19130.931 Thread 0x00007fdb93816000 9204       4       sun.java2d.pipe.BufferedContext::validate (518 bytes)
Event: 19130.958 Thread 0x00007fdb93840000 9205       4       java.awt.geom.AffineTransform::equals (92 bytes)
Event: 19130.969 Thread 0x00007fdb93840000 nmethod 9205 0x000000010a8e6250 code [0x000000010a8e63a0, 0x000000010a8e6498]
Event: 19131.051 Thread 0x00007fdb93816000 nmethod 9204 0x000000010a444750 code [0x000000010a444ac0, 0x000000010a4461d0]

GC Heap History (10 events):
Event: 15327.962 GC heap before
{Heap before GC invocations=1407 (full 142):
 PSYoungGen      total 64512K, used 49901K [0x0000000795580000, 0x000000079aa80000, 0x00000007c0000000)
  eden space 46080K, 96% used [0x0000000795580000,0x00000007980cccd0,0x0000000798280000)
  from space 18432K, 30% used [0x0000000799880000,0x0000000799dee960,0x000000079aa80000)
  to   space 20480K, 0% used [0x0000000798280000,0x0000000798280000,0x0000000799680000)
 ParOldGen       total 87552K, used 34883K [0x0000000740000000, 0x0000000745580000, 0x0000000795580000)
  object space 87552K, 39% used [0x0000000740000000,0x0000000742210c38,0x0000000745580000)
 Metaspace       used 24147K, capacity 24456K, committed 24832K, reserved 1071104K
  class space    used 3123K, capacity 3205K, committed 3328K, reserved 1048576K
Event: 15327.966 GC heap after
Heap after GC invocations=1407 (full 142):
 PSYoungGen      total 49664K, used 4204K [0x0000000795580000, 0x000000079a880000, 0x00000007c0000000)
  eden space 45056K, 0% used [0x0000000795580000,0x0000000795580000,0x0000000798180000)
  from space 4608K, 91% used [0x0000000798280000,0x000000079869b2b8,0x0000000798700000)
  to   space 19968K, 0% used [0x0000000799500000,0x0000000799500000,0x000000079a880000)
 ParOldGen       total 87552K, used 40301K [0x0000000740000000, 0x0000000745580000, 0x0000000795580000)
  object space 87552K, 46% used [0x0000000740000000,0x000000074275b778,0x0000000745580000)
 Metaspace       used 24147K, capacity 24456K, committed 24832K, reserved 1071104K
  class space    used 3123K, capacity 3205K, committed 3328K, reserved 1048576K
}
Event: 15341.529 GC heap before
{Heap before GC invocations=1408 (full 142):
 PSYoungGen      total 49664K, used 44735K [0x0000000795580000, 0x000000079a880000, 0x00000007c0000000)
  eden space 45056K, 89% used [0x0000000795580000,0x0000000797d14a78,0x0000000798180000)
  from space 4608K, 91% used [0x0000000798280000,0x000000079869b2b8,0x0000000798700000)
  to   space 19968K, 0% used [0x0000000799500000,0x0000000799500000,0x000000079a880000)
 ParOldGen       total 87552K, used 40301K [0x0000000740000000, 0x0000000745580000, 0x0000000795580000)
  object space 87552K, 46% used [0x0000000740000000,0x000000074275b778,0x0000000745580000)
 Metaspace       used 24148K, capacity 24456K, committed 24832K, reserved 1071104K
  class space    used 3123K, capacity 3205K, committed 3328K, reserved 1048576K
Event: 15341.534 GC heap after
Heap after GC invocations=1408 (full 142):
 PSYoungGen      total 60928K, used 7612K [0x0000000795580000, 0x000000079a580000, 0x00000007c0000000)
  eden space 44032K, 0% used [0x0000000795580000,0x0000000795580000,0x0000000798080000)
  from space 16896K, 45% used [0x0000000799500000,0x0000000799c6f3f0,0x000000079a580000)
  to   space 18944K, 0% used [0x0000000798080000,0x0000000798080000,0x0000000799300000)
 ParOldGen       total 87552K, used 41613K [0x0000000740000000, 0x0000000745580000, 0x0000000795580000)
  object space 87552K, 47% used [0x0000000740000000,0x00000007428a3508,0x0000000745580000)
 Metaspace       used 24148K, capacity 24456K, committed 24832K, reserved 1071104K
  class space    used 3123K, capacity 3205K, committed 3328K, reserved 1048576K
}
Event: 15346.465 GC heap before
{Heap before GC invocations=1409 (full 142):
 PSYoungGen      total 60928K, used 50889K [0x0000000795580000, 0x000000079a580000, 0x00000007c0000000)
  eden space 44032K, 98% used [0x0000000795580000,0x0000000797fc3268,0x0000000798080000)
  from space 16896K, 45% used [0x0000000799500000,0x0000000799c6f3f0,0x000000079a580000)
  to   space 18944K, 0% used [0x0000000798080000,0x0000000798080000,0x0000000799300000)
 ParOldGen       total 87552K, used 41613K [0x0000000740000000, 0x0000000745580000, 0x0000000795580000)
  object space 87552K, 47% used [0x0000000740000000,0x00000007428a3508,0x0000000745580000)
 Metaspace       used 24149K, capacity 24456K, committed 24832K, reserved 1071104K
  class space    used 3123K, capacity 3205K, committed 3328K, reserved 1048576K
Event: 15346.471 GC heap after
Heap after GC invocations=1409 (full 142):
 PSYoungGen      total 52736K, used 9415K [0x0000000795580000, 0x000000079a380000, 0x00000007c0000000)
  eden space 43008K, 0% used [0x0000000795580000,0x0000000795580000,0x0000000797f80000)
  from space 9728K, 96% used [0x0000000798080000,0x00000007989b1d80,0x0000000798a00000)
  to   space 18432K, 0% used [0x0000000799180000,0x0000000799180000,0x000000079a380000)
 ParOldGen       total 87552K, used 42098K [0x0000000740000000, 0x0000000745580000, 0x0000000795580000)
  object space 87552K, 48% used [0x0000000740000000,0x000000074291cb48,0x0000000745580000)
 Metaspace       used 24149K, capacity 24456K, committed 24832K, reserved 1071104K
  class space    used 3123K, capacity 3205K, committed 3328K, reserved 1048576K
}
Event: 15349.235 GC heap before
{Heap before GC invocations=1410 (full 142):
 PSYoungGen      total 52736K, used 51647K [0x0000000795580000, 0x000000079a380000, 0x00000007c0000000)
  eden space 43008K, 98% used [0x0000000795580000,0x0000000797ebe260,0x0000000797f80000)
  from space 9728K, 96% used [0x0000000798080000,0x00000007989b1d80,0x0000000798a00000)
  to   space 18432K, 0% used [0x0000000799180000,0x0000000799180000,0x000000079a380000)
 ParOldGen       total 87552K, used 42098K [0x0000000740000000, 0x0000000745580000, 0x0000000795580000)
  object space 87552K, 48% used [0x0000000740000000,0x000000074291cb48,0x0000000745580000)
 Metaspace       used 24149K, capacity 24456K, committed 24832K, reserved 1071104K
  class space    used 3123K, capacity 3205K, committed 3328K, reserved 1048576K
Event: 15349.242 GC heap after
Heap after GC invocations=1410 (full 142):
 PSYoungGen      total 57344K, used 5773K [0x0000000795580000, 0x000000079a080000, 0x00000007c0000000)
  eden space 41984K, 0% used [0x0000000795580000,0x0000000795580000,0x0000000797e80000)
  from space 15360K, 37% used [0x0000000799180000,0x0000000799723490,0x000000079a080000)
  to   space 17408K, 0% used [0x0000000797e80000,0x0000000797e80000,0x0000000798f80000)
 ParOldGen       total 87552K, used 42122K [0x0000000740000000, 0x0000000745580000, 0x0000000795580000)
  object space 87552K, 48% used [0x0000000740000000,0x0000000742922b48,0x0000000745580000)
 Metaspace       used 24149K, capacity 24456K, committed 24832K, reserved 1071104K
  class space    used 3123K, capacity 3205K, committed 3328K, reserved 1048576K
}
Event: 19131.171 GC heap before
{Heap before GC invocations=1411 (full 142):
 PSYoungGen      total 57344K, used 44233K [0x0000000795580000, 0x000000079a080000, 0x00000007c0000000)
  eden space 41984K, 91% used [0x0000000795580000,0x0000000797b0f0d0,0x0000000797e80000)
  from space 15360K, 37% used [0x0000000799180000,0x0000000799723490,0x000000079a080000)
  to   space 17408K, 0% used [0x0000000797e80000,0x0000000797e80000,0x0000000798f80000)
 ParOldGen       total 87552K, used 42122K [0x0000000740000000, 0x0000000745580000, 0x0000000795580000)
  object space 87552K, 48% used [0x0000000740000000,0x0000000742922b48,0x0000000745580000)
 Metaspace       used 24151K, capacity 24456K, committed 24832K, reserved 1071104K
  class space    used 3123K, capacity 3205K, committed 3328K, reserved 1048576K
Event: 19131.212 GC heap after
Heap after GC invocations=1411 (full 142):
 PSYoungGen      total 58368K, used 16797K [0x0000000795580000, 0x000000079a480000, 0x00000007c0000000)
  eden space 40960K, 0% used [0x0000000795580000,0x0000000795580000,0x0000000797d80000)
  from space 17408K, 96% used [0x0000000797e80000,0x0000000798ee7590,0x0000000798f80000)
  to   space 19968K, 0% used [0x0000000799100000,0x0000000799100000,0x000000079a480000)
 ParOldGen       total 87552K, used 55903K [0x0000000740000000, 0x0000000745580000, 0x0000000795580000)
  object space 87552K, 63% used [0x0000000740000000,0x0000000743697de8,0x0000000745580000)
 Metaspace       used 24151K, capacity 24456K, committed 24832K, reserved 1071104K
  class space    used 3123K, capacity 3205K, committed 3328K, reserved 1048576K
}

Deoptimization events (10 events):
Event: 14704.820 Thread 0x00007fdb93b6d000 Uncommon trap: reason=array_check action=maybe_recompile pc=0x000000010b5b00cc method=java.util.AbstractCollection.toArray([Ljava/lang/Object;)[Ljava/lang/Object; @ 119
Event: 14704.901 Thread 0x00007fdb93b6d000 Uncommon trap: reason=array_check action=maybe_recompile pc=0x000000010b5b00cc method=java.util.AbstractCollection.toArray([Ljava/lang/Object;)[Ljava/lang/Object; @ 119
Event: 15635.675 Thread 0x00007fdb948a1800 Uncommon trap: reason=bimorphic action=maybe_recompile pc=0x000000010ae0a2d8 method=java.util.HashMap.removeNode(ILjava/lang/Object;Ljava/lang/Object;ZZ)Ljava/util/HashMap$Node; @ 68
Event: 15635.857 Thread 0x00007fdb948a1800 Uncommon trap: reason=range_check action=make_not_entrant pc=0x000000010a361a80 method=java.awt.image.DirectColorModel.setFields()V @ 16
Event: 15635.858 Thread 0x00007fdb93b6d000 Uncommon trap: reason=unreached action=reinterpret pc=0x000000010a7688cc method=java.awt.Component.updateGraphicsData(Ljava/awt/GraphicsConfiguration;)Z @ 25
Event: 15635.860 Thread 0x00007fdb948a1800 Uncommon trap: reason=null_check action=make_not_entrant pc=0x000000010ae42bbc method=java.awt.geom.AffineTransform.equals(Ljava/lang/Object;)Z @ 1
Event: 16029.785 Thread 0x00007fdb948a1800 Uncommon trap: reason=bimorphic action=maybe_recompile pc=0x000000010ae0a2d8 method=java.util.HashMap.removeNode(ILjava/lang/Object;Ljava/lang/Object;ZZ)Ljava/util/HashMap$Node; @ 68
Event: 16029.910 Thread 0x00007fdb948a1800 Uncommon trap: reason=null_check action=make_not_entrant pc=0x000000010a8b9eb0 method=java.awt.geom.AffineTransform.equals(Ljava/lang/Object;)Z @ 1
Event: 19130.342 Thread 0x00007fdb93b6d000 Uncommon trap: reason=null_check action=make_not_entrant pc=0x000000010b63d298 method=javax.swing.RepaintManager.getVolatileOffscreenBuffer(Ljava/awt/Component;II)Ljava/awt/Image; @ 172
Event: 19130.517 Thread 0x00007fdb93b6d000 Uncommon trap: reason=unreached action=reinterpret pc=0x000000010ad32590 method=sun.java2d.StateTrackableDelegate.getStateTracker()Lsun/java2d/StateTracker; @ 6

Internal exceptions (10 events):
Event: 10107.599 Thread 0x00007fdb93b6d000 Exception <a 'java/security/PrivilegedActionException'> (0x00000007955f1790) thrown at [/Users/java_re/workspace/8-2-build-macosx-x86_64/jdk8u31/2394/hotspot/src/share/vm/prims/jvm.cpp, line 1312]
Event: 10880.805 Thread 0x00007fdb93b6d000 Implicit null exception at 0x000000010ae01a4c to 0x000000010ae0315d
Event: 10880.805 Thread 0x00007fdb93b6d000 Implicit null exception at 0x000000010a386fd9 to 0x000000010a3872f9
Event: 10880.806 Thread 0x00007fdb93b6d000 Implicit null exception at 0x000000010ae3c034 to 0x000000010ae3c079
Event: 10880.816 Thread 0x00007fdb93b6d000 Implicit null exception at 0x000000010b5cf9d9 to 0x000000010b5d3da1
Event: 10880.929 Thread 0x00007fdb93b6d000 Implicit null exception at 0x000000010b3da824 to 0x000000010b3da8d1
Event: 13412.058 Thread 0x00007fdb93b6d000 Implicit null exception at 0x000000010ae59a90 to 0x000000010ae5afc5
Event: 13412.058 Thread 0x00007fdb93b6d000 Implicit null exception at 0x000000010ae2db1f to 0x000000010ae2df39
Event: 15635.860 Thread 0x00007fdb948a1800 Implicit null exception at 0x000000010ae41c0a to 0x000000010ae42b8d
Event: 16029.910 Thread 0x00007fdb948a1800 Implicit null exception at 0x000000010a8b9e0c to 0x000000010a8b9ea1

Events (10 events):
Event: 19130.342 Thread 0x00007fdb93b6d000 DEOPT UNPACKING pc=0x000000010a05af69 sp=0x0000000128e64908 mode 2
Event: 19130.515 Thread 0x00007fdb93b6d000 Uncommon trap: trap_request=0xffffffad fr.pc=0x000000010ad32590
Event: 19130.515 Executing VM operation: RevokeBias
Event: 19130.517 Executing VM operation: RevokeBias done
Event: 19130.517 Thread 0x00007fdb93b6d000 DEOPT PACKING pc=0x000000010ad32590 sp=0x0000000128e63bf0
Event: 19130.517 Thread 0x00007fdb93b6d000 DEOPT UNPACKING pc=0x000000010a05af69 sp=0x0000000128e63ae0 mode 2
Event: 19130.969 Thread 0x00007fdb93840000 flushing nmethod 0x000000010b403ed0
Event: 19131.003 Thread 0x00007fdb93840000 flushing nmethod 0x000000010b8d21d0
Event: 19131.171 Executing VM operation: ParallelGCFailedAllocation
Event: 19131.212 Executing VM operation: ParallelGCFailedAllocation done


Dynamic libraries:
0x0000000009cdb000 	/System/Library/Frameworks/Cocoa.framework/Versions/A/Cocoa
0x0000000009cdb000 	/System/Library/Frameworks/Security.framework/Versions/A/Security
0x0000000009cdb000 	/System/Library/Frameworks/ApplicationServices.framework/Versions/A/ApplicationServices
0x0000000009cdb000 	/usr/lib/libz.1.dylib
0x0000000009cdb000 	/usr/lib/libSystem.B.dylib
0x0000000009cdb000 	/usr/lib/libobjc.A.dylib
0x0000000009cdb000 	/System/Library/Frameworks/CoreFoundation.framework/Versions/A/CoreFoundation
0x0000000009cdb000 	/System/Library/Frameworks/Foundation.framework/Versions/C/Foundation
0x0000000009cdb000 	/System/Library/Frameworks/AppKit.framework/Versions/C/AppKit
0x0000000009cdb000 	/System/Library/Frameworks/CoreData.framework/Versions/A/CoreData
0x0000000009cdb000 	/System/Library/PrivateFrameworks/RemoteViewServices.framework/Versions/A/RemoteViewServices
0x0000000009cdb000 	/System/Library/PrivateFrameworks/UIFoundation.framework/Versions/A/UIFoundation
0x0000000009cdb000 	/System/Library/Frameworks/IOSurface.framework/Versions/A/IOSurface
0x0000000009cdb000 	/System/Library/Frameworks/AudioToolbox.framework/Versions/A/AudioToolbox
0x0000000009cdb000 	/System/Library/Frameworks/AudioUnit.framework/Versions/A/AudioUnit
0x0000000009cdb000 	/System/Library/PrivateFrameworks/DataDetectorsCore.framework/Versions/A/DataDetectorsCore
0x0000000009cdb000 	/System/Library/PrivateFrameworks/DesktopServicesPriv.framework/Versions/A/DesktopServicesPriv
0x0000000009cdb000 	/System/Library/Frameworks/Carbon.framework/Versions/A/Frameworks/HIToolbox.framework/Versions/A/HIToolbox
0x0000000009cdb000 	/System/Library/Frameworks/QuartzCore.framework/Versions/A/QuartzCore
0x0000000009cdb000 	/System/Library/Frameworks/Carbon.framework/Versions/A/Frameworks/SpeechRecognition.framework/Versions/A/SpeechRecognition
0x0000000009cdb000 	/usr/lib/libauto.dylib
0x0000000009cdb000 	/usr/lib/libicucore.A.dylib
0x0000000009cdb000 	/usr/lib/libxml2.2.dylib
0x0000000009cdb000 	/System/Library/PrivateFrameworks/CoreUI.framework/Versions/A/CoreUI
0x0000000009cdb000 	/System/Library/Frameworks/CoreAudio.framework/Versions/A/CoreAudio
0x0000000009cdb000 	/System/Library/Frameworks/DiskArbitration.framework/Versions/A/DiskArbitration
0x0000000009cdb000 	/usr/lib/liblangid.dylib
0x0000000009cdb000 	/System/Library/PrivateFrameworks/MultitouchSupport.framework/Versions/A/MultitouchSupport
0x0000000009cdb000 	/System/Library/Frameworks/IOKit.framework/Versions/A/IOKit
0x0000000009cdb000 	/usr/lib/libDiagnosticMessagesClient.dylib
0x0000000009cdb000 	/System/Library/Frameworks/CoreServices.framework/Versions/A/CoreServices
0x0000000009cdb000 	/System/Library/PrivateFrameworks/PerformanceAnalysis.framework/Versions/A/PerformanceAnalysis
0x0000000009cdb000 	/System/Library/PrivateFrameworks/GenerationalStorage.framework/Versions/A/GenerationalStorage
0x0000000009cdb000 	/System/Library/Frameworks/OpenGL.framework/Versions/A/OpenGL
0x0000000009cdb000 	/System/Library/PrivateFrameworks/Sharing.framework/Versions/A/Sharing
0x0000000009cdb000 	/System/Library/Frameworks/CoreGraphics.framework/Versions/A/CoreGraphics
0x0000000009cdb000 	/System/Library/Frameworks/CoreText.framework/Versions/A/CoreText
0x0000000009cdb000 	/System/Library/Frameworks/ImageIO.framework/Versions/A/ImageIO
0x0000000009cdb000 	/usr/lib/libextension.dylib
0x0000000009cdb000 	/System/Library/PrivateFrameworks/Backup.framework/Versions/A/Backup
0x0000000009cdb000 	/usr/lib/libarchive.2.dylib
0x0000000009cdb000 	/System/Library/Frameworks/CFNetwork.framework/Versions/A/CFNetwork
0x0000000009cdb000 	/System/Library/Frameworks/SystemConfiguration.framework/Versions/A/SystemConfiguration
0x0000000009cdb000 	/usr/lib/libCRFSuite.dylib
0x0000000009cdb000 	/usr/lib/libc++.1.dylib
0x0000000009cdb000 	/usr/lib/libc++abi.dylib
0x0000000009cdb000 	/usr/lib/system/libcache.dylib
0x0000000009cdb000 	/usr/lib/system/libcommonCrypto.dylib
0x0000000009cdb000 	/usr/lib/system/libcompiler_rt.dylib
0x0000000009cdb000 	/usr/lib/system/libcopyfile.dylib
0x0000000009cdb000 	/usr/lib/system/libcorecrypto.dylib
0x0000000009cdb000 	/usr/lib/system/libdispatch.dylib
0x0000000009cdb000 	/usr/lib/system/libdyld.dylib
0x0000000009cdb000 	/usr/lib/system/libkeymgr.dylib
0x0000000009cdb000 	/usr/lib/system/liblaunch.dylib
0x0000000009cdb000 	/usr/lib/system/libmacho.dylib
0x0000000009cdb000 	/usr/lib/system/libquarantine.dylib
0x0000000009cdb000 	/usr/lib/system/libremovefile.dylib
0x0000000009cdb000 	/usr/lib/system/libsystem_asl.dylib
0x0000000009cdb000 	/usr/lib/system/libsystem_blocks.dylib
0x0000000009cdb000 	/usr/lib/system/libsystem_c.dylib
0x0000000009cdb000 	/usr/lib/system/libsystem_configuration.dylib
0x0000000009cdb000 	/usr/lib/system/libsystem_coreservices.dylib
0x0000000009cdb000 	/usr/lib/system/libsystem_coretls.dylib
0x0000000009cdb000 	/usr/lib/system/libsystem_dnssd.dylib
0x0000000009cdb000 	/usr/lib/system/libsystem_info.dylib
0x0000000009cdb000 	/usr/lib/system/libsystem_kernel.dylib
0x0000000009cdb000 	/usr/lib/system/libsystem_m.dylib
0x0000000009cdb000 	/usr/lib/system/libsystem_malloc.dylib
0x0000000009cdb000 	/usr/lib/system/libsystem_network.dylib
0x0000000009cdb000 	/usr/lib/system/libsystem_networkextension.dylib
0x0000000009cdb000 	/usr/lib/system/libsystem_notify.dylib
0x0000000009cdb000 	/usr/lib/system/libsystem_platform.dylib
0x0000000009cdb000 	/usr/lib/system/libsystem_pthread.dylib
0x0000000009cdb000 	/usr/lib/system/libsystem_sandbox.dylib
0x0000000009cdb000 	/usr/lib/system/libsystem_secinit.dylib
0x0000000009cdb000 	/usr/lib/system/libsystem_stats.dylib
0x0000000009cdb000 	/usr/lib/system/libsystem_trace.dylib
0x0000000009cdb000 	/usr/lib/system/libunc.dylib
0x0000000009cdb000 	/usr/lib/system/libunwind.dylib
0x0000000009cdb000 	/usr/lib/system/libxpc.dylib
0x0000000009cdb000 	/usr/lib/libbz2.1.0.dylib
0x0000000009cdb000 	/usr/lib/liblzma.5.dylib
0x0000000009cdb000 	/usr/lib/libbsm.0.dylib
0x0000000009cdb000 	/usr/lib/libsqlite3.dylib
0x0000000009cdb000 	/usr/lib/system/libkxld.dylib
0x0000000009cdb000 	/usr/lib/libxar.1.dylib
0x0000000009cdb000 	/usr/lib/libpam.2.dylib
0x0000000009cdb000 	/usr/lib/libOpenScriptingUtil.dylib
0x0000000009cdb000 	/System/Library/Frameworks/CoreServices.framework/Versions/A/Frameworks/FSEvents.framework/Versions/A/FSEvents
0x0000000009cdb000 	/System/Library/Frameworks/CoreServices.framework/Versions/A/Frameworks/CarbonCore.framework/Versions/A/CarbonCore
0x0000000009cdb000 	/System/Library/Frameworks/CoreServices.framework/Versions/A/Frameworks/Metadata.framework/Versions/A/Metadata
0x0000000009cdb000 	/System/Library/Frameworks/CoreServices.framework/Versions/A/Frameworks/OSServices.framework/Versions/A/OSServices
0x0000000009cdb000 	/System/Library/Frameworks/CoreServices.framework/Versions/A/Frameworks/SearchKit.framework/Versions/A/SearchKit
0x0000000009cdb000 	/System/Library/Frameworks/CoreServices.framework/Versions/A/Frameworks/AE.framework/Versions/A/AE
0x0000000009cdb000 	/System/Library/Frameworks/CoreServices.framework/Versions/A/Frameworks/LaunchServices.framework/Versions/A/LaunchServices
0x0000000009cdb000 	/System/Library/Frameworks/CoreServices.framework/Versions/A/Frameworks/DictionaryServices.framework/Versions/A/DictionaryServices
0x0000000009cdb000 	/System/Library/Frameworks/NetFS.framework/Versions/A/NetFS
0x0000000009cdb000 	/System/Library/PrivateFrameworks/NetAuth.framework/Versions/A/NetAuth
0x0000000009cdb000 	/System/Library/PrivateFrameworks/login.framework/Versions/A/Frameworks/loginsupport.framework/Versions/A/loginsupport
0x0000000009cdb000 	/System/Library/PrivateFrameworks/TCC.framework/Versions/A/TCC
0x0000000009cdb000 	/usr/lib/libmecabra.dylib
0x0000000009cdb000 	/System/Library/Frameworks/ApplicationServices.framework/Versions/A/Frameworks/ATS.framework/Versions/A/ATS
0x0000000009cdb000 	/System/Library/Frameworks/ApplicationServices.framework/Versions/A/Frameworks/ColorSync.framework/Versions/A/ColorSync
0x0000000009cdb000 	/System/Library/Frameworks/ApplicationServices.framework/Versions/A/Frameworks/HIServices.framework/Versions/A/HIServices
0x0000000009cdb000 	/System/Library/Frameworks/ApplicationServices.framework/Versions/A/Frameworks/LangAnalysis.framework/Versions/A/LangAnalysis
0x0000000009cdb000 	/System/Library/Frameworks/ApplicationServices.framework/Versions/A/Frameworks/PrintCore.framework/Versions/A/PrintCore
0x0000000009cdb000 	/System/Library/Frameworks/ApplicationServices.framework/Versions/A/Frameworks/QD.framework/Versions/A/QD
0x0000000009cdb000 	/System/Library/Frameworks/ApplicationServices.framework/Versions/A/Frameworks/SpeechSynthesis.framework/Versions/A/SpeechSynthesis
0x0000000009cdb000 	/System/Library/Frameworks/Accelerate.framework/Versions/A/Accelerate
0x0000000009cdb000 	/System/Library/Frameworks/Accelerate.framework/Versions/A/Frameworks/vImage.framework/Versions/A/vImage
0x0000000009cdb000 	/System/Library/Frameworks/Accelerate.framework/Versions/A/Frameworks/vecLib.framework/Versions/A/vecLib
0x0000000009cdb000 	/System/Library/Frameworks/Accelerate.framework/Versions/A/Frameworks/vecLib.framework/Versions/A/libvDSP.dylib
0x0000000009cdb000 	/System/Library/Frameworks/Accelerate.framework/Versions/A/Frameworks/vecLib.framework/Versions/A/libvMisc.dylib
0x0000000009cdb000 	/System/Library/Frameworks/Accelerate.framework/Versions/A/Frameworks/vecLib.framework/Versions/A/libLAPACK.dylib
0x0000000009cdb000 	/System/Library/Frameworks/Accelerate.framework/Versions/A/Frameworks/vecLib.framework/Versions/A/libBLAS.dylib
0x0000000009cdb000 	/System/Library/Frameworks/Accelerate.framework/Versions/A/Frameworks/vecLib.framework/Versions/A/libLinearAlgebra.dylib
0x0000000009cdb000 	/System/Library/Frameworks/ApplicationServices.framework/Versions/A/Frameworks/ATS.framework/Versions/A/Resources/libFontParser.dylib
0x0000000009cdb000 	/System/Library/Frameworks/ApplicationServices.framework/Versions/A/Frameworks/ATS.framework/Versions/A/Resources/libFontRegistry.dylib
0x0000000009cdb000 	/System/Library/PrivateFrameworks/AppleVPA.framework/Versions/A/AppleVPA
0x0000000009cdb000 	/System/Library/PrivateFrameworks/AppleJPEG.framework/Versions/A/AppleJPEG
0x0000000009cdb000 	/System/Library/Frameworks/ImageIO.framework/Versions/A/Resources/libJPEG.dylib
0x0000000009cdb000 	/System/Library/Frameworks/ImageIO.framework/Versions/A/Resources/libTIFF.dylib
0x0000000009cdb000 	/System/Library/Frameworks/ImageIO.framework/Versions/A/Resources/libPng.dylib
0x0000000009cdb000 	/System/Library/Frameworks/ImageIO.framework/Versions/A/Resources/libGIF.dylib
0x0000000009cdb000 	/System/Library/Frameworks/ImageIO.framework/Versions/A/Resources/libJP2.dylib
0x0000000009cdb000 	/System/Library/Frameworks/ImageIO.framework/Versions/A/Resources/libRadiance.dylib
0x0000000009cdb000 	/System/Library/Frameworks/CoreVideo.framework/Versions/A/CoreVideo
0x0000000009cdb000 	/System/Library/Frameworks/OpenGL.framework/Versions/A/Libraries/libGLU.dylib
0x0000000009cdb000 	/System/Library/Frameworks/OpenGL.framework/Versions/A/Libraries/libGFXShared.dylib
0x0000000009cdb000 	/System/Library/Frameworks/OpenGL.framework/Versions/A/Libraries/libGL.dylib
0x0000000009cdb000 	/System/Library/Frameworks/OpenGL.framework/Versions/A/Libraries/libGLImage.dylib
0x0000000009cdb000 	/System/Library/Frameworks/OpenGL.framework/Versions/A/Libraries/libCVMSPluginSupport.dylib
0x0000000009cdb000 	/System/Library/Frameworks/OpenGL.framework/Versions/A/Libraries/libCoreVMClient.dylib
0x0000000009cdb000 	/usr/lib/libcups.2.dylib
0x0000000009cdb000 	/System/Library/Frameworks/Kerberos.framework/Versions/A/Kerberos
0x0000000009cdb000 	/System/Library/Frameworks/GSS.framework/Versions/A/GSS
0x0000000009cdb000 	/usr/lib/libresolv.9.dylib
0x0000000009cdb000 	/usr/lib/libiconv.2.dylib
0x0000000009cdb000 	/System/Library/PrivateFrameworks/Heimdal.framework/Versions/A/Heimdal
0x0000000009cdb000 	/usr/lib/libheimdal-asn1.dylib
0x0000000009cdb000 	/System/Library/Frameworks/OpenDirectory.framework/Versions/A/OpenDirectory
0x0000000009cdb000 	/System/Library/PrivateFrameworks/CommonAuth.framework/Versions/A/CommonAuth
0x0000000009cdb000 	/System/Library/Frameworks/OpenDirectory.framework/Versions/A/Frameworks/CFOpenDirectory.framework/Versions/A/CFOpenDirectory
0x0000000009cdb000 	/System/Library/Frameworks/SecurityFoundation.framework/Versions/A/SecurityFoundation
0x0000000009cdb000 	/System/Library/PrivateFrameworks/LanguageModeling.framework/Versions/A/LanguageModeling
0x0000000009cdb000 	/usr/lib/libcmph.dylib
0x0000000009cdb000 	/System/Library/Frameworks/ServiceManagement.framework/Versions/A/ServiceManagement
0x0000000009cdb000 	/usr/lib/libxslt.1.dylib
0x0000000009cdb000 	/System/Library/Frameworks/Carbon.framework/Versions/A/Frameworks/Ink.framework/Versions/A/Ink
0x0000000009cdb000 	/System/Library/Frameworks/QuartzCore.framework/Versions/A/Frameworks/CoreImage.framework/Versions/A/CoreImage
0x0000000009cdb000 	/System/Library/PrivateFrameworks/CrashReporterSupport.framework/Versions/A/CrashReporterSupport
0x0000000009cdb000 	/System/Library/Frameworks/OpenCL.framework/Versions/A/OpenCL
0x0000000009cdb000 	/System/Library/PrivateFrameworks/FaceCore.framework/Versions/A/FaceCore
0x0000000009cdb000 	/System/Library/PrivateFrameworks/Ubiquity.framework/Versions/A/Ubiquity
0x0000000009cdb000 	/System/Library/PrivateFrameworks/IconServices.framework/Versions/A/IconServices
0x0000000009cdb000 	/System/Library/PrivateFrameworks/ChunkingLibrary.framework/Versions/A/ChunkingLibrary
0x0000000009cdb000 	/System/Library/PrivateFrameworks/Apple80211.framework/Versions/A/Apple80211
0x0000000009cdb000 	/System/Library/Frameworks/CoreWLAN.framework/Versions/A/CoreWLAN
0x0000000009cdb000 	/System/Library/Frameworks/IOBluetooth.framework/Versions/A/IOBluetooth
0x0000000009cdb000 	/System/Library/PrivateFrameworks/CoreWiFi.framework/Versions/A/CoreWiFi
0x0000000009cdb000 	/System/Library/Frameworks/CoreBluetooth.framework/Versions/A/CoreBluetooth
0x0000000009cdb000 	/System/Library/PrivateFrameworks/DebugSymbols.framework/Versions/A/DebugSymbols
0x0000000009cdb000 	/System/Library/PrivateFrameworks/CoreSymbolication.framework/Versions/A/CoreSymbolication
0x0000000009cdb000 	/System/Library/PrivateFrameworks/Symbolication.framework/Versions/A/Symbolication
0x0000000009cdb000 	/System/Library/PrivateFrameworks/SpeechRecognitionCore.framework/Versions/A/SpeechRecognitionCore
0x0000000109000000 	/Library/Internet Plug-Ins/JavaAppletPlugin.plugin/Contents/Home/lib/server/libjvm.dylib
0x0000000009cdb000 	/usr/lib/libstdc++.6.dylib
0x00000001087dc000 	/Library/Internet Plug-Ins/JavaAppletPlugin.plugin/Contents/Home/lib/libverify.dylib
0x000000010a022000 	/Library/Internet Plug-Ins/JavaAppletPlugin.plugin/Contents/Home/lib/libjava.dylib
0x00000001087f4000 	/Library/Internet Plug-Ins/JavaAppletPlugin.plugin/Contents/Home/lib/libzip.dylib
0x00000001200a3000 	/System/Library/Frameworks/JavaVM.framework/Frameworks/JavaRuntimeSupport.framework/JavaRuntimeSupport
0x00000001200bb000 	/System/Library/Frameworks/JavaVM.framework/Versions/A/Frameworks/JavaNativeFoundation.framework/Versions/A/JavaNativeFoundation
0x00000001200d0000 	/System/Library/Frameworks/JavaVM.framework/Versions/A/JavaVM
0x0000000009cdb000 	/System/Library/Frameworks/Carbon.framework/Versions/A/Carbon
0x00000001200dd000 	/System/Library/PrivateFrameworks/JavaLaunching.framework/Versions/A/JavaLaunching
0x0000000009cdb000 	/System/Library/Frameworks/Carbon.framework/Versions/A/Frameworks/CommonPanels.framework/Versions/A/CommonPanels
0x0000000009cdb000 	/System/Library/Frameworks/Carbon.framework/Versions/A/Frameworks/Help.framework/Versions/A/Help
0x0000000009cdb000 	/System/Library/Frameworks/Carbon.framework/Versions/A/Frameworks/ImageCapture.framework/Versions/A/ImageCapture
0x0000000009cdb000 	/System/Library/Frameworks/Carbon.framework/Versions/A/Frameworks/OpenScripting.framework/Versions/A/OpenScripting
0x0000000009cdb000 	/System/Library/Frameworks/Carbon.framework/Versions/A/Frameworks/Print.framework/Versions/A/Print
0x0000000009cdb000 	/System/Library/Frameworks/Carbon.framework/Versions/A/Frameworks/SecurityHI.framework/Versions/A/SecurityHI
0x00000001222ab000 	/Library/Internet Plug-Ins/JavaAppletPlugin.plugin/Contents/Home/lib/libosx.dylib
0x00000001222b9000 	/Library/Internet Plug-Ins/JavaAppletPlugin.plugin/Contents/Home/lib/./libosxapp.dylib
0x0000000009cdb000 	/System/Library/Frameworks/ExceptionHandling.framework/Versions/A/ExceptionHandling
0x00000001225ac000 	/Library/Internet Plug-Ins/JavaAppletPlugin.plugin/Contents/Home/lib/libawt.dylib
0x000000012265b000 	/Library/Internet Plug-Ins/JavaAppletPlugin.plugin/Contents/Home/lib/./libmlib_image.dylib
0x0000000122727000 	/Library/Internet Plug-Ins/JavaAppletPlugin.plugin/Contents/Home/lib/libawt_lwawt.dylib
0x0000000009cdb000 	/System/Library/PrivateFrameworks/CoreServicesInternal.framework/Versions/A/CoreServicesInternal
0x0000000009cdb000 	/System/Library/PrivateFrameworks/CloudDocs.framework/Versions/A/CloudDocs
0x0000000009cdb000 	/System/Library/PrivateFrameworks/CoreDuet.framework/Versions/A/CoreDuet
0x0000000009cdb000 	/System/Library/Frameworks/CloudKit.framework/Versions/A/CloudKit
0x0000000009cdb000 	/System/Library/PrivateFrameworks/ProtocolBuffer.framework/Versions/A/ProtocolBuffer
0x0000000009cdb000 	/System/Library/PrivateFrameworks/CoreDuetDaemonProtocol.framework/Versions/A/CoreDuetDaemonProtocol
0x0000000009cdb000 	/System/Library/PrivateFrameworks/CoreDuetDebugLogging.framework/Versions/A/CoreDuetDebugLogging
0x0000000009cdb000 	/System/Library/Frameworks/CoreLocation.framework/Versions/A/CoreLocation
0x0000000009cdb000 	/System/Library/Frameworks/Accounts.framework/Versions/A/Accounts
0x0000000009cdb000 	/System/Library/PrivateFrameworks/ApplePushService.framework/Versions/A/ApplePushService
0x0000000009cdb000 	/System/Library/PrivateFrameworks/GeoServices.framework/Versions/A/GeoServices
0x0000000009cdb000 	/System/Library/PrivateFrameworks/OAuth.framework/Versions/A/OAuth
0x0000000009cdb000 	/System/Library/PrivateFrameworks/CoreDaemon.framework/Versions/B/CoreDaemon
0x0000000009cdb000 	/usr/lib/libcrypto.0.9.8.dylib
0x0000000009cdb000 	/System/Library/PrivateFrameworks/AppleSRP.framework/Versions/A/AppleSRP
0x0000000009cdb000 	/System/Library/PrivateFrameworks/TrustEvaluationAgent.framework/Versions/A/TrustEvaluationAgent
0x0000000009cdb000 	/System/Library/Frameworks/CoreGraphics.framework/Versions/A/Resources/libCGCMS.A.dylib
0x0000000009cdb000 	/System/Library/Frameworks/CoreGraphics.framework/Versions/A/Resources/libRIP.A.dylib
0x0000000009cdb000 	/System/Library/Frameworks/CoreGraphics.framework/Versions/A/Resources/libCGXType.A.dylib
0x0000000009cdb000 	/System/Library/Frameworks/OpenCL.framework/Versions/A/Libraries/libcldcpuengine.dylib
0x0000000009cdb000 	/System/Library/PrivateFrameworks/DiskImages.framework/Versions/A/DiskImages
0x0000000009cdb000 	/System/Library/Frameworks/DiscRecording.framework/Versions/A/DiscRecording
0x0000000009cdb000 	/usr/lib/libcsfde.dylib
0x0000000009cdb000 	/usr/lib/libcurl.4.dylib
0x0000000009cdb000 	/System/Library/PrivateFrameworks/MediaKit.framework/Versions/A/MediaKit
0x0000000009cdb000 	/System/Library/PrivateFrameworks/ProtectedCloudStorage.framework/Versions/A/ProtectedCloudStorage
0x0000000009cdb000 	/usr/lib/libCoreStorage.dylib
0x0000000009cdb000 	/System/Library/PrivateFrameworks/EFILogin.framework/Versions/A/EFILogin
0x0000000009cdb000 	/usr/lib/libutil.dylib
0x0000000009cdb000 	/System/Library/PrivateFrameworks/FindMyDevice.framework/Versions/A/FindMyDevice
0x0000000009cdb000 	/System/Library/Frameworks/LDAP.framework/Versions/A/LDAP
0x0000000009cdb000 	/usr/lib/libsasl2.2.dylib
0x0000000125744000 	cl_kernels
0x0000000125746000 	/System/Library/Frameworks/OpenCL.framework/Versions/A/Libraries/ImageFormats/unorm8_bgra.dylib
0x0000000125736000 	cl_kernels
0x0000000009cdb000 	/System/Library/PrivateFrameworks/FamilyControls.framework/Versions/A/FamilyControls
0x0000000009cdb000 	/System/Library/PrivateFrameworks/CommerceKit.framework/Versions/A/Frameworks/CommerceCore.framework/Versions/A/CommerceCore
0x0000000009cdb000 	/System/Library/PrivateFrameworks/SystemAdministration.framework/Versions/A/SystemAdministration
0x0000000009cdb000 	/System/Library/PrivateFrameworks/AppContainer.framework/Versions/A/AppContainer
0x0000000009cdb000 	/System/Library/PrivateFrameworks/SecCodeWrapper.framework/Versions/A/SecCodeWrapper
0x0000000009cdb000 	/System/Library/Frameworks/DirectoryService.framework/Versions/A/DirectoryService
0x0000000009cdb000 	/System/Library/PrivateFrameworks/LoginUIKit.framework/Versions/A/Frameworks/LoginUICore.framework/Versions/A/LoginUICore
0x0000000009cdb000 	/usr/lib/libodfde.dylib
0x0000000009cdb000 	/System/Library/Frameworks/OpenGL.framework/Versions/A/Resources/GLEngine.bundle/GLEngine
0x0000000009cdb000 	/System/Library/Frameworks/OpenGL.framework/Versions/A/Libraries/libGLProgrammability.dylib
0x0000000000000000 	/System/Library/Extensions/AppleIntelHD5000GraphicsGLDriver.bundle/Contents/MacOS/AppleIntelHD5000GraphicsGLDriver
0x0000000009cdb000 	/System/Library/PrivateFrameworks/IOAccelerator.framework/Versions/A/IOAccelerator
0x0000000009cdb000 	/System/Library/PrivateFrameworks/GPUSupport.framework/Versions/A/Libraries/libGPUSupportMercury.dylib
0x0000000009cdb000 	/System/Library/Frameworks/OpenGL.framework/Versions/A/Resources/GLRendererFloat.bundle/GLRendererFloat
0x00000001273d4000 	/Library/Internet Plug-Ins/JavaAppletPlugin.plugin/Contents/Home/lib/libfontmanager.dylib
0x000000012743b000 	/Library/Internet Plug-Ins/JavaAppletPlugin.plugin/Contents/Home/lib/libosxui.dylib
0x0000000127547000 	/Library/Internet Plug-Ins/JavaAppletPlugin.plugin/Contents/Home/lib/libjpeg.dylib
0x0000000127a8e000 	/Library/Internet Plug-Ins/JavaAppletPlugin.plugin/Contents/Home/lib/libnet.dylib
0x00000001278e6000 	/Library/Internet Plug-Ins/JavaAppletPlugin.plugin/Contents/Home/lib/libnio.dylib
0x000000012c48c000 	/Library/Internet Plug-Ins/JavaAppletPlugin.plugin/Contents/Home/lib/libdcpr.dylib
0x0000000009cdb000 	/System/Library/Frameworks/Accelerate.framework/Versions/A/Frameworks/vImage.framework/Versions/A/Libraries/libCGInterfaces.dylib
0x0000000009cdb000 	/System/Library/Frameworks/ApplicationServices.framework/Versions/A/Frameworks/ATS.framework/Versions/A/Resources/libTrueTypeScaler.dylib

VM Arguments:
java_command: /Users/macpro/Desktop/APCS - University of Science/Subjects/ECE 341/Mars4_3.jar
java_class_path (initial): /Users/macpro/Desktop/APCS - University of Science/Subjects/ECE 341/Mars4_3.jar
Launcher Type: SUN_STANDARD

Environment Variables:
PATH=/usr/bin:/bin:/usr/sbin:/sbin
SHELL=/bin/bash

Signal Handlers:
SIGSEGV: [libjvm.dylib+0x57a0e7], sa_mask[0]=11111111011111110111111111111111, sa_flags=SA_ONSTACK|SA_RESTART|SA_SIGINFO
SIGBUS: [libjvm.dylib+0x57a0e7], sa_mask[0]=11111111011111110111111111111111, sa_flags=SA_RESTART|SA_SIGINFO
SIGFPE: [libjvm.dylib+0x45af24], sa_mask[0]=11111111011111110111111111111111, sa_flags=SA_RESTART|SA_SIGINFO
SIGPIPE: [libjvm.dylib+0x45af24], sa_mask[0]=11111111011111110111111111111111, sa_flags=SA_RESTART|SA_SIGINFO
SIGXFSZ: [libjvm.dylib+0x45af24], sa_mask[0]=11111111011111110111111111111111, sa_flags=SA_RESTART|SA_SIGINFO
SIGILL: [libjvm.dylib+0x45af24], sa_mask[0]=11111111011111110111111111111111, sa_flags=SA_RESTART|SA_SIGINFO
SIGUSR1: SIG_DFL, sa_mask[0]=00000000000000000000000000000000, sa_flags=none
SIGUSR2: [libjvm.dylib+0x45aa42], sa_mask[0]=00000000000000000000000000000000, sa_flags=SA_RESTART|SA_SIGINFO
SIGHUP: [libjvm.dylib+0x459015], sa_mask[0]=11111111011111110111111111111111, sa_flags=SA_RESTART|SA_SIGINFO
SIGINT: [libjvm.dylib+0x459015], sa_mask[0]=11111111011111110111111111111111, sa_flags=SA_RESTART|SA_SIGINFO
SIGTERM: [libjvm.dylib+0x459015], sa_mask[0]=11111111011111110111111111111111, sa_flags=SA_RESTART|SA_SIGINFO
SIGQUIT: [libjvm.dylib+0x459015], sa_mask[0]=11111111011111110111111111111111, sa_flags=SA_RESTART|SA_SIGINFO


---------------  S Y S T E M  ---------------

OS:Bsduname:Darwin 14.1.0 Darwin Kernel Version 14.1.0: Mon Dec 22 23:10:38 PST 2014; root:xnu-2782.10.72~2/RELEASE_X86_64 x86_64
rlimit: STACK 8192k, CORE 0k, NPROC 709, NOFILE 10240, AS infinity
load average:2.34 2.20 2.08

CPU:total 4 (2 cores per cpu, 2 threads per core) family 6 model 69 stepping 1, cmov, cx8, fxsr, mmx, sse, sse2, sse3, ssse3, sse4.1, sse4.2, popcnt, avx, avx2, aes, clmul, erms, lzcnt, ht, tsc, tscinvbit, bmi1, bmi2

Memory: 4k page, physical 8388608k(836344k free)

/proc/meminfo:


vm_info: Java HotSpot(TM) 64-Bit Server VM (25.31-b07) for bsd-amd64 JRE (1.8.0_31-b13), built on Dec 17 2014 20:45:36 by "java_re" with gcc 4.2.1 (Based on Apple Inc. build 5658) (LLVM build 2336.11.00)

time: Mon Feb  9 10:25:44 2015
elapsed time: 19131 seconds (0d 5h 18m 51s)

